<?xml version="1.0" encoding="UTF-8"?>
<robot generator="Robot 7.1 (Python 3.12.6 on win32)" generated="2024-10-31T12:16:28.369668" rpa="false" schemaversion="5">
<suite id="s1" name="Disc" source="D:\RobotCode\disc">
<suite id="s1-s1" name="Getiq" source="D:\RobotCode\disc\getiq.robot">
<test id="s1-s1-t1" name="Test Selector" line="7">
<kw name="New Browser" owner="Browser">
<msg time="2024-10-31T12:16:29.749906" level="INFO">{"browser": "chromium", "headless": false, "chromiumSandbox": false, "devtools": false, "handleSIGHUP": true, "handleSIGINT": true, "handleSIGTERM": true, "slowMo": 0.0, "timeout": 30000.0, "tracesDir": "D:\\RobotCode\\pabot_results\\0\\browser\\traces\\00c38d5d-8a65-445e-9257-9d2c16980455"}</msg>
<msg time="2024-10-31T12:16:30.091612" level="INFO">Successfully created browser with options: {"browser":"chromium","headless":false,"chromiumSandbox":false,"devtools":false,"handleSIGHUP":true,"handleSIGINT":true,"handleSIGTERM":true,"slowMo":0,"timeout":30000,"tracesDir":"D:\\RobotCode\\pabot_results\\0\\browser\\traces\\00c38d5d-8a65-445e-9257-9d2c16980455"}</msg>
<arg>chromium</arg>
<arg>headless=No</arg>
<tag>BrowserControl</tag>
<tag>Setter</tag>
<doc>Create a new playwright Browser with specified options.</doc>
<status status="PASS" start="2024-10-31T12:16:29.749906" elapsed="0.341706"/>
</kw>
<kw name="Set Browser Timeout" owner="Browser">
<msg time="2024-10-31T12:16:30.091612" level="INFO">No context open.</msg>
<arg>999 sec</arg>
<tag>Config</tag>
<tag>Setter</tag>
<doc>Sets the timeout used by most input and getter keywords.</doc>
<status status="PASS" start="2024-10-31T12:16:30.091612" elapsed="0.000000"/>
</kw>
<kw name="New Context" owner="Browser">
<msg time="2024-10-31T12:16:30.107120" level="INFO">{
  "acceptDownloads": true,
  "bypassCSP": false,
  "forcedColors": "none",
  "ignoreHTTPSErrors": false,
  "javaScriptEnabled": true,
  "offline": false,
  "reducedMotion": "no-preference",
  "serviceWorkers": "allow",
  "viewport": {
    "height": 720,
    "width": 1280
  }
}</msg>
<msg time="2024-10-31T12:16:30.156899" level="INFO">Successfully created context. </msg>
<msg time="2024-10-31T12:16:30.156899" level="INFO">{'acceptDownloads': True, 'bypassCSP': False, 'forcedColors': 'none', 'ignoreHTTPSErrors': False, 'javaScriptEnabled': True, 'offline': False, 'reducedMotion': 'no-preference', 'serviceWorkers': 'allow', 'viewport': {'height': 720, 'width': 1280}}</msg>
<tag>BrowserControl</tag>
<tag>Setter</tag>
<doc>Create a new BrowserContext with specified options.</doc>
<status status="PASS" start="2024-10-31T12:16:30.091612" elapsed="0.065287"/>
</kw>
<kw name="New Page" owner="Browser">
<msg time="2024-10-31T12:16:34.501118" level="INFO">Successfully initialized new page object and opened url: https://staging.tracnghiemtinhcach.vn</msg>
<arg>https://staging.tracnghiemtinhcach.vn</arg>
<tag>BrowserControl</tag>
<tag>Setter</tag>
<doc>Open a new Page.</doc>
<status status="PASS" start="2024-10-31T12:16:30.156899" elapsed="4.344219"/>
</kw>
<kw name="Wait For Elements State" owner="Browser">
<msg time="2024-10-31T12:16:34.531805" level="INFO">Waited for Element with selector xpath=//button[@class="button-default-v2"] at state visible</msg>
<arg>xpath=//button[@class="button-default-v2"]</arg>
<arg>visible</arg>
<tag>PageContent</tag>
<tag>Wait</tag>
<doc>Waits for the element found by ``selector`` to satisfy state option.</doc>
<status status="PASS" start="2024-10-31T12:16:34.501118" elapsed="0.030687"/>
</kw>
<kw name="Click" owner="Browser">
<msg time="2024-10-31T12:16:34.531805" level="INFO">Clicks the element 'xpath=//button[@class="button-default-v2"]'.</msg>
<arg>xpath=//button[@class="button-default-v2"]</arg>
<tag>PageContent</tag>
<tag>Setter</tag>
<doc>Simulates mouse click on the element found by ``selector``.</doc>
<status status="PASS" start="2024-10-31T12:16:34.531805" elapsed="1.218395"/>
</kw>
<kw name="Type Text" owner="Browser">
<msg time="2024-10-31T12:16:35.751196" level="INFO">Types the text 'mailinh1193@mailinator.com' in the given field.</msg>
<arg>[id="email"]</arg>
<arg>mailinh1193@mailinator.com</arg>
<tag>PageContent</tag>
<tag>Setter</tag>
<doc>Types the given ``txt`` into the text field found by ``selector``.</doc>
<status status="PASS" start="2024-10-31T12:16:35.751196" elapsed="1.007450"/>
</kw>
<kw name="Type Text" owner="Browser">
<msg time="2024-10-31T12:16:36.758646" level="INFO">Types the text 'Aa@12345' in the given field.</msg>
<arg>[id="password"]</arg>
<arg>Aa@12345</arg>
<tag>PageContent</tag>
<tag>Setter</tag>
<doc>Types the given ``txt`` into the text field found by ``selector``.</doc>
<status status="PASS" start="2024-10-31T12:16:36.758646" elapsed="0.077684"/>
</kw>
<kw name="Click" owner="Browser">
<msg time="2024-10-31T12:16:36.837330" level="INFO">Clicks the element 'xpath=//button[text()="Đăng nhập"]'.</msg>
<arg>xpath=//button[text()="Đăng nhập"]</arg>
<tag>PageContent</tag>
<tag>Setter</tag>
<doc>Simulates mouse click on the element found by ``selector``.</doc>
<status status="PASS" start="2024-10-31T12:16:36.836330" elapsed="1.940292"/>
</kw>
<kw name="Click" owner="Browser">
<msg time="2024-10-31T12:16:38.777255" level="INFO">Clicks the element 'xpath=//button[@aria-label="Accept cookies"]'.</msg>
<arg>xpath=//button[@aria-label="Accept cookies"]</arg>
<tag>PageContent</tag>
<tag>Setter</tag>
<doc>Simulates mouse click on the element found by ``selector``.</doc>
<status status="PASS" start="2024-10-31T12:16:38.777255" elapsed="5.970186"/>
</kw>
<kw name="Click" owner="Browser">
<msg time="2024-10-31T12:16:44.748451" level="INFO">Clicks the element 'xpath=(//span[text()="Bài test" and contains(@class, 'cursor-pointer')])'.</msg>
<arg>xpath=(//span[text()="Bài test" and contains(@class, 'cursor-pointer')])</arg>
<tag>PageContent</tag>
<tag>Setter</tag>
<doc>Simulates mouse click on the element found by ``selector``.</doc>
<status status="PASS" start="2024-10-31T12:16:44.748451" elapsed="1.030230"/>
</kw>
<kw name="Click" owner="Browser">
<msg time="2024-10-31T12:16:45.778681" level="INFO">Clicks the element 'xpath=//a[text()="Kiểm tra IQ" and contains(@href, '/iq-test') and contains(@class, 'hover:bg-[var(--color-floral-white)')]'.</msg>
<arg>xpath=//a[text()="Kiểm tra IQ" and contains(@href, '/iq-test') and contains(@class, 'hover:bg-[var(--color-floral-white)')]</arg>
<tag>PageContent</tag>
<tag>Setter</tag>
<doc>Simulates mouse click on the element found by ``selector``.</doc>
<status status="PASS" start="2024-10-31T12:16:45.778681" elapsed="2.017768"/>
</kw>
<kw name="Click" owner="Browser">
<msg time="2024-10-31T12:16:47.796449" level="INFO">Clicks the element 'xpath=//button[.//h4[text()='Tôi đã sẵn sàng']]'.</msg>
<arg>xpath=//button[.//h4[text()='Tôi đã sẵn sàng']]</arg>
<tag>PageContent</tag>
<tag>Setter</tag>
<doc>Simulates mouse click on the element found by ``selector``.</doc>
<status status="PASS" start="2024-10-31T12:16:47.796449" elapsed="2.013231"/>
</kw>
<kw name="Get Elements" owner="Browser">
<msg time="2024-10-31T12:16:49.820157" level="INFO">Found locator('//div[@class=\'input-image-radio\']').first(),locator('//div[@class=\'input-image-radio\']').nth(1),locator('//div[@class=\'input-image-radio\']').nth(2),locator('//div[@class=\'input-image-radio\']').nth(3),locator('//div[@class=\'input-image-radio\']').nth(4),locator('//div[@class=\'input-image-radio\']').nth(5),locator('//div[@class=\'input-image-radio\']').nth(6),locator('//div[@class=\'input-image-radio\']').nth(7) Locators successfully.</msg>
<msg time="2024-10-31T12:16:49.820157" level="INFO">${iqAnswer} = ["//div[@class='input-image-radio'] &gt;&gt; nth=0", "//div[@class='input-image-radio'] &gt;&gt; nth=1", "//div[@class='input-image-radio'] &gt;&gt; nth=2", "//div[@class='input-image-radio'] &gt;&gt; nth=3", "//div[@class='...</msg>
<var>${iqAnswer}</var>
<arg>//div[@class='input-image-radio']</arg>
<tag>Getter</tag>
<tag>PageContent</tag>
<doc>Returns a reference to Playwright [https://playwright.dev/docs/api/class-locator|Locator]
for all matched elements by ``selector``.</doc>
<status status="PASS" start="2024-10-31T12:16:49.809680" elapsed="0.010477"/>
</kw>
<for flavor="IN RANGE">
<iter>
<kw name="Evaluate" owner="BuiltIn">
<msg time="2024-10-31T12:16:49.822151" level="INFO">${random_numbers} = [0]</msg>
<var>${random_numbers}</var>
<arg>random.sample(range(8), 1)</arg>
<doc>Evaluates the given expression in Python and returns the result.</doc>
<status status="PASS" start="2024-10-31T12:16:49.821154" elapsed="0.000997"/>
</kw>
<kw name="Click" owner="Browser">
<msg time="2024-10-31T12:16:49.823149" level="INFO">Clicks the element '//div[@class='input-image-radio'] &gt;&gt; nth=0'.</msg>
<arg>${iqAnswer[${random_numbers[0]}]}</arg>
<tag>PageContent</tag>
<tag>Setter</tag>
<doc>Simulates mouse click on the element found by ``selector``.</doc>
<status status="PASS" start="2024-10-31T12:16:49.822151" elapsed="1.993238"/>
</kw>
<kw name="Sleep" owner="BuiltIn">
<msg time="2024-10-31T12:16:52.566322" level="INFO">Slept 750 milliseconds.</msg>
<arg>0.75 sec</arg>
<doc>Pauses the test executed for the given time.</doc>
<status status="PASS" start="2024-10-31T12:16:51.815950" elapsed="0.750372"/>
</kw>
<var name="${index}">0</var>
<status status="PASS" start="2024-10-31T12:16:49.821154" elapsed="2.745168"/>
</iter>
<iter>
<kw name="Evaluate" owner="BuiltIn">
<msg time="2024-10-31T12:16:52.566322" level="INFO">${random_numbers} = [4]</msg>
<var>${random_numbers}</var>
<arg>random.sample(range(8), 1)</arg>
<doc>Evaluates the given expression in Python and returns the result.</doc>
<status status="PASS" start="2024-10-31T12:16:52.566322" elapsed="0.000000"/>
</kw>
<kw name="Click" owner="Browser">
<msg time="2024-10-31T12:16:52.567867" level="INFO">Clicks the element '//div[@class='input-image-radio'] &gt;&gt; nth=4'.</msg>
<arg>${iqAnswer[${random_numbers[0]}]}</arg>
<tag>PageContent</tag>
<tag>Setter</tag>
<doc>Simulates mouse click on the element found by ``selector``.</doc>
<status status="PASS" start="2024-10-31T12:16:52.567325" elapsed="1.259462"/>
</kw>
<kw name="Sleep" owner="BuiltIn">
<msg time="2024-10-31T12:16:54.578496" level="INFO">Slept 750 milliseconds.</msg>
<arg>0.75 sec</arg>
<doc>Pauses the test executed for the given time.</doc>
<status status="PASS" start="2024-10-31T12:16:53.826787" elapsed="0.751709"/>
</kw>
<var name="${index}">1</var>
<status status="PASS" start="2024-10-31T12:16:52.566322" elapsed="2.012174"/>
</iter>
<iter>
<kw name="Evaluate" owner="BuiltIn">
<msg time="2024-10-31T12:16:54.578496" level="INFO">${random_numbers} = [1]</msg>
<var>${random_numbers}</var>
<arg>random.sample(range(8), 1)</arg>
<doc>Evaluates the given expression in Python and returns the result.</doc>
<status status="PASS" start="2024-10-31T12:16:54.578496" elapsed="0.000000"/>
</kw>
<kw name="Click" owner="Browser">
<msg time="2024-10-31T12:16:54.578496" level="INFO">Clicks the element '//div[@class='input-image-radio'] &gt;&gt; nth=1'.</msg>
<arg>${iqAnswer[${random_numbers[0]}]}</arg>
<tag>PageContent</tag>
<tag>Setter</tag>
<doc>Simulates mouse click on the element found by ``selector``.</doc>
<status status="PASS" start="2024-10-31T12:16:54.578496" elapsed="1.246761"/>
</kw>
<kw name="Sleep" owner="BuiltIn">
<msg time="2024-10-31T12:16:56.576755" level="INFO">Slept 750 milliseconds.</msg>
<arg>0.75 sec</arg>
<doc>Pauses the test executed for the given time.</doc>
<status status="PASS" start="2024-10-31T12:16:55.826290" elapsed="0.750465"/>
</kw>
<var name="${index}">2</var>
<status status="PASS" start="2024-10-31T12:16:54.578496" elapsed="1.998259"/>
</iter>
<iter>
<kw name="Evaluate" owner="BuiltIn">
<msg time="2024-10-31T12:16:56.576755" level="INFO">${random_numbers} = [2]</msg>
<var>${random_numbers}</var>
<arg>random.sample(range(8), 1)</arg>
<doc>Evaluates the given expression in Python and returns the result.</doc>
<status status="PASS" start="2024-10-31T12:16:56.576755" elapsed="0.000000"/>
</kw>
<kw name="Click" owner="Browser">
<msg time="2024-10-31T12:16:56.578752" level="INFO">Clicks the element '//div[@class='input-image-radio'] &gt;&gt; nth=2'.</msg>
<arg>${iqAnswer[${random_numbers[0]}]}</arg>
<tag>PageContent</tag>
<tag>Setter</tag>
<doc>Simulates mouse click on the element found by ``selector``.</doc>
<status status="PASS" start="2024-10-31T12:16:56.577757" elapsed="1.252799"/>
</kw>
<kw name="Sleep" owner="BuiltIn">
<msg time="2024-10-31T12:16:58.580939" level="INFO">Slept 750 milliseconds.</msg>
<arg>0.75 sec</arg>
<doc>Pauses the test executed for the given time.</doc>
<status status="PASS" start="2024-10-31T12:16:57.830556" elapsed="0.750383"/>
</kw>
<var name="${index}">3</var>
<status status="PASS" start="2024-10-31T12:16:56.576755" elapsed="2.004184"/>
</iter>
<iter>
<kw name="Evaluate" owner="BuiltIn">
<msg time="2024-10-31T12:16:58.581946" level="INFO">${random_numbers} = [2]</msg>
<var>${random_numbers}</var>
<arg>random.sample(range(8), 1)</arg>
<doc>Evaluates the given expression in Python and returns the result.</doc>
<status status="PASS" start="2024-10-31T12:16:58.580939" elapsed="0.001007"/>
</kw>
<kw name="Click" owner="Browser">
<msg time="2024-10-31T12:16:58.582836" level="INFO">Clicks the element '//div[@class='input-image-radio'] &gt;&gt; nth=2'.</msg>
<arg>${iqAnswer[${random_numbers[0]}]}</arg>
<tag>PageContent</tag>
<tag>Setter</tag>
<doc>Simulates mouse click on the element found by ``selector``.</doc>
<status status="PASS" start="2024-10-31T12:16:58.581946" elapsed="1.262153"/>
</kw>
<kw name="Sleep" owner="BuiltIn">
<msg time="2024-10-31T12:17:00.595513" level="INFO">Slept 750 milliseconds.</msg>
<arg>0.75 sec</arg>
<doc>Pauses the test executed for the given time.</doc>
<status status="PASS" start="2024-10-31T12:16:59.845093" elapsed="0.750420"/>
</kw>
<var name="${index}">4</var>
<status status="PASS" start="2024-10-31T12:16:58.580939" elapsed="2.014574"/>
</iter>
<iter>
<kw name="Evaluate" owner="BuiltIn">
<msg time="2024-10-31T12:17:00.595513" level="INFO">${random_numbers} = [7]</msg>
<var>${random_numbers}</var>
<arg>random.sample(range(8), 1)</arg>
<doc>Evaluates the given expression in Python and returns the result.</doc>
<status status="PASS" start="2024-10-31T12:17:00.595513" elapsed="0.000000"/>
</kw>
<kw name="Click" owner="Browser">
<msg time="2024-10-31T12:17:00.597555" level="INFO">Clicks the element '//div[@class='input-image-radio'] &gt;&gt; nth=7'.</msg>
<arg>${iqAnswer[${random_numbers[0]}]}</arg>
<tag>PageContent</tag>
<tag>Setter</tag>
<doc>Simulates mouse click on the element found by ``selector``.</doc>
<status status="PASS" start="2024-10-31T12:17:00.595513" elapsed="1.269558"/>
</kw>
<kw name="Sleep" owner="BuiltIn">
<msg time="2024-10-31T12:17:02.615558" level="INFO">Slept 750 milliseconds.</msg>
<arg>0.75 sec</arg>
<doc>Pauses the test executed for the given time.</doc>
<status status="PASS" start="2024-10-31T12:17:01.865071" elapsed="0.750487"/>
</kw>
<var name="${index}">5</var>
<status status="PASS" start="2024-10-31T12:17:00.595513" elapsed="2.020045"/>
</iter>
<iter>
<kw name="Evaluate" owner="BuiltIn">
<msg time="2024-10-31T12:17:02.616827" level="INFO">${random_numbers} = [7]</msg>
<var>${random_numbers}</var>
<arg>random.sample(range(8), 1)</arg>
<doc>Evaluates the given expression in Python and returns the result.</doc>
<status status="PASS" start="2024-10-31T12:17:02.615558" elapsed="0.001269"/>
</kw>
<kw name="Click" owner="Browser">
<msg time="2024-10-31T12:17:02.618825" level="INFO">Clicks the element '//div[@class='input-image-radio'] &gt;&gt; nth=7'.</msg>
<arg>${iqAnswer[${random_numbers[0]}]}</arg>
<tag>PageContent</tag>
<tag>Setter</tag>
<doc>Simulates mouse click on the element found by ``selector``.</doc>
<status status="PASS" start="2024-10-31T12:17:02.616827" elapsed="1.250671"/>
</kw>
<kw name="Sleep" owner="BuiltIn">
<msg time="2024-10-31T12:17:04.618674" level="INFO">Slept 750 milliseconds.</msg>
<arg>0.75 sec</arg>
<doc>Pauses the test executed for the given time.</doc>
<status status="PASS" start="2024-10-31T12:17:03.868541" elapsed="0.750133"/>
</kw>
<var name="${index}">6</var>
<status status="PASS" start="2024-10-31T12:17:02.615558" elapsed="2.003116"/>
</iter>
<iter>
<kw name="Evaluate" owner="BuiltIn">
<msg time="2024-10-31T12:17:04.619211" level="INFO">${random_numbers} = [6]</msg>
<var>${random_numbers}</var>
<arg>random.sample(range(8), 1)</arg>
<doc>Evaluates the given expression in Python and returns the result.</doc>
<status status="PASS" start="2024-10-31T12:17:04.619211" elapsed="0.000000"/>
</kw>
<kw name="Click" owner="Browser">
<msg time="2024-10-31T12:17:04.619211" level="INFO">Clicks the element '//div[@class='input-image-radio'] &gt;&gt; nth=6'.</msg>
<arg>${iqAnswer[${random_numbers[0]}]}</arg>
<tag>PageContent</tag>
<tag>Setter</tag>
<doc>Simulates mouse click on the element found by ``selector``.</doc>
<status status="PASS" start="2024-10-31T12:17:04.619211" elapsed="1.260227"/>
</kw>
<kw name="Sleep" owner="BuiltIn">
<msg time="2024-10-31T12:17:06.630210" level="INFO">Slept 750 milliseconds.</msg>
<arg>0.75 sec</arg>
<doc>Pauses the test executed for the given time.</doc>
<status status="PASS" start="2024-10-31T12:17:05.879438" elapsed="0.750772"/>
</kw>
<var name="${index}">7</var>
<status status="PASS" start="2024-10-31T12:17:04.619211" elapsed="2.010999"/>
</iter>
<iter>
<kw name="Evaluate" owner="BuiltIn">
<msg time="2024-10-31T12:17:06.630210" level="INFO">${random_numbers} = [7]</msg>
<var>${random_numbers}</var>
<arg>random.sample(range(8), 1)</arg>
<doc>Evaluates the given expression in Python and returns the result.</doc>
<status status="PASS" start="2024-10-31T12:17:06.630210" elapsed="0.000000"/>
</kw>
<kw name="Click" owner="Browser">
<msg time="2024-10-31T12:17:06.630210" level="INFO">Clicks the element '//div[@class='input-image-radio'] &gt;&gt; nth=7'.</msg>
<arg>${iqAnswer[${random_numbers[0]}]}</arg>
<tag>PageContent</tag>
<tag>Setter</tag>
<doc>Simulates mouse click on the element found by ``selector``.</doc>
<status status="PASS" start="2024-10-31T12:17:06.630210" elapsed="1.247327"/>
</kw>
<kw name="Sleep" owner="BuiltIn">
<msg time="2024-10-31T12:17:08.628369" level="INFO">Slept 750 milliseconds.</msg>
<arg>0.75 sec</arg>
<doc>Pauses the test executed for the given time.</doc>
<status status="PASS" start="2024-10-31T12:17:07.877537" elapsed="0.750832"/>
</kw>
<var name="${index}">8</var>
<status status="PASS" start="2024-10-31T12:17:06.630210" elapsed="1.998159"/>
</iter>
<iter>
<kw name="Evaluate" owner="BuiltIn">
<msg time="2024-10-31T12:17:08.628369" level="INFO">${random_numbers} = [7]</msg>
<var>${random_numbers}</var>
<arg>random.sample(range(8), 1)</arg>
<doc>Evaluates the given expression in Python and returns the result.</doc>
<status status="PASS" start="2024-10-31T12:17:08.628369" elapsed="0.000000"/>
</kw>
<kw name="Click" owner="Browser">
<msg time="2024-10-31T12:17:08.628369" level="INFO">Clicks the element '//div[@class='input-image-radio'] &gt;&gt; nth=7'.</msg>
<arg>${iqAnswer[${random_numbers[0]}]}</arg>
<tag>PageContent</tag>
<tag>Setter</tag>
<doc>Simulates mouse click on the element found by ``selector``.</doc>
<status status="PASS" start="2024-10-31T12:17:08.628369" elapsed="1.253108"/>
</kw>
<kw name="Sleep" owner="BuiltIn">
<msg time="2024-10-31T12:17:10.632046" level="INFO">Slept 750 milliseconds.</msg>
<arg>0.75 sec</arg>
<doc>Pauses the test executed for the given time.</doc>
<status status="PASS" start="2024-10-31T12:17:09.881477" elapsed="0.750569"/>
</kw>
<var name="${index}">9</var>
<status status="PASS" start="2024-10-31T12:17:08.628369" elapsed="2.003677"/>
</iter>
<iter>
<kw name="Evaluate" owner="BuiltIn">
<msg time="2024-10-31T12:17:10.632046" level="INFO">${random_numbers} = [3]</msg>
<var>${random_numbers}</var>
<arg>random.sample(range(8), 1)</arg>
<doc>Evaluates the given expression in Python and returns the result.</doc>
<status status="PASS" start="2024-10-31T12:17:10.632046" elapsed="0.000000"/>
</kw>
<kw name="Click" owner="Browser">
<msg time="2024-10-31T12:17:10.632046" level="INFO">Clicks the element '//div[@class='input-image-radio'] &gt;&gt; nth=3'.</msg>
<arg>${iqAnswer[${random_numbers[0]}]}</arg>
<tag>PageContent</tag>
<tag>Setter</tag>
<doc>Simulates mouse click on the element found by ``selector``.</doc>
<status status="PASS" start="2024-10-31T12:17:10.632046" elapsed="1.264976"/>
</kw>
<kw name="Sleep" owner="BuiltIn">
<msg time="2024-10-31T12:17:12.647798" level="INFO">Slept 750 milliseconds.</msg>
<arg>0.75 sec</arg>
<doc>Pauses the test executed for the given time.</doc>
<status status="PASS" start="2024-10-31T12:17:11.897022" elapsed="0.750776"/>
</kw>
<var name="${index}">10</var>
<status status="PASS" start="2024-10-31T12:17:10.632046" elapsed="2.015752"/>
</iter>
<iter>
<kw name="Evaluate" owner="BuiltIn">
<msg time="2024-10-31T12:17:12.647798" level="INFO">${random_numbers} = [7]</msg>
<var>${random_numbers}</var>
<arg>random.sample(range(8), 1)</arg>
<doc>Evaluates the given expression in Python and returns the result.</doc>
<status status="PASS" start="2024-10-31T12:17:12.647798" elapsed="0.000000"/>
</kw>
<kw name="Click" owner="Browser">
<msg time="2024-10-31T12:17:12.647798" level="INFO">Clicks the element '//div[@class='input-image-radio'] &gt;&gt; nth=7'.</msg>
<arg>${iqAnswer[${random_numbers[0]}]}</arg>
<tag>PageContent</tag>
<tag>Setter</tag>
<doc>Simulates mouse click on the element found by ``selector``.</doc>
<status status="PASS" start="2024-10-31T12:17:12.647798" elapsed="1.249600"/>
</kw>
<kw name="Sleep" owner="BuiltIn">
<msg time="2024-10-31T12:17:14.648235" level="INFO">Slept 750 milliseconds.</msg>
<arg>0.75 sec</arg>
<doc>Pauses the test executed for the given time.</doc>
<status status="PASS" start="2024-10-31T12:17:13.897398" elapsed="0.750837"/>
</kw>
<var name="${index}">11</var>
<status status="PASS" start="2024-10-31T12:17:12.647798" elapsed="2.000437"/>
</iter>
<iter>
<kw name="Evaluate" owner="BuiltIn">
<msg time="2024-10-31T12:17:14.648235" level="INFO">${random_numbers} = [1]</msg>
<var>${random_numbers}</var>
<arg>random.sample(range(8), 1)</arg>
<doc>Evaluates the given expression in Python and returns the result.</doc>
<status status="PASS" start="2024-10-31T12:17:14.648235" elapsed="0.000000"/>
</kw>
<kw name="Click" owner="Browser">
<msg time="2024-10-31T12:17:14.648235" level="INFO">Clicks the element '//div[@class='input-image-radio'] &gt;&gt; nth=1'.</msg>
<arg>${iqAnswer[${random_numbers[0]}]}</arg>
<tag>PageContent</tag>
<tag>Setter</tag>
<doc>Simulates mouse click on the element found by ``selector``.</doc>
<status status="PASS" start="2024-10-31T12:17:14.648235" elapsed="1.255032"/>
</kw>
<kw name="Sleep" owner="BuiltIn">
<msg time="2024-10-31T12:17:16.653772" level="INFO">Slept 750 milliseconds.</msg>
<arg>0.75 sec</arg>
<doc>Pauses the test executed for the given time.</doc>
<status status="PASS" start="2024-10-31T12:17:15.903267" elapsed="0.750505"/>
</kw>
<var name="${index}">12</var>
<status status="PASS" start="2024-10-31T12:17:14.648235" elapsed="2.005537"/>
</iter>
<iter>
<kw name="Evaluate" owner="BuiltIn">
<msg time="2024-10-31T12:17:16.653772" level="INFO">${random_numbers} = [7]</msg>
<var>${random_numbers}</var>
<arg>random.sample(range(8), 1)</arg>
<doc>Evaluates the given expression in Python and returns the result.</doc>
<status status="PASS" start="2024-10-31T12:17:16.653772" elapsed="0.000000"/>
</kw>
<kw name="Click" owner="Browser">
<msg time="2024-10-31T12:17:16.655289" level="INFO">Clicks the element '//div[@class='input-image-radio'] &gt;&gt; nth=7'.</msg>
<arg>${iqAnswer[${random_numbers[0]}]}</arg>
<tag>PageContent</tag>
<tag>Setter</tag>
<doc>Simulates mouse click on the element found by ``selector``.</doc>
<status status="PASS" start="2024-10-31T12:17:16.653772" elapsed="1.244952"/>
</kw>
<kw name="Sleep" owner="BuiltIn">
<msg time="2024-10-31T12:17:18.649310" level="INFO">Slept 750 milliseconds.</msg>
<arg>0.75 sec</arg>
<doc>Pauses the test executed for the given time.</doc>
<status status="PASS" start="2024-10-31T12:17:17.898724" elapsed="0.750586"/>
</kw>
<var name="${index}">13</var>
<status status="PASS" start="2024-10-31T12:17:16.653772" elapsed="1.995538"/>
</iter>
<iter>
<kw name="Evaluate" owner="BuiltIn">
<msg time="2024-10-31T12:17:18.649310" level="INFO">${random_numbers} = [5]</msg>
<var>${random_numbers}</var>
<arg>random.sample(range(8), 1)</arg>
<doc>Evaluates the given expression in Python and returns the result.</doc>
<status status="PASS" start="2024-10-31T12:17:18.649310" elapsed="0.001048"/>
</kw>
<kw name="Click" owner="Browser">
<msg time="2024-10-31T12:17:18.650358" level="INFO">Clicks the element '//div[@class='input-image-radio'] &gt;&gt; nth=5'.</msg>
<arg>${iqAnswer[${random_numbers[0]}]}</arg>
<tag>PageContent</tag>
<tag>Setter</tag>
<doc>Simulates mouse click on the element found by ``selector``.</doc>
<status status="PASS" start="2024-10-31T12:17:18.650358" elapsed="1.257893"/>
</kw>
<kw name="Sleep" owner="BuiltIn">
<msg time="2024-10-31T12:17:20.659541" level="INFO">Slept 750 milliseconds.</msg>
<arg>0.75 sec</arg>
<doc>Pauses the test executed for the given time.</doc>
<status status="PASS" start="2024-10-31T12:17:19.908251" elapsed="0.751290"/>
</kw>
<var name="${index}">14</var>
<status status="PASS" start="2024-10-31T12:17:18.649310" elapsed="2.010231"/>
</iter>
<iter>
<kw name="Evaluate" owner="BuiltIn">
<msg time="2024-10-31T12:17:20.659541" level="INFO">${random_numbers} = [4]</msg>
<var>${random_numbers}</var>
<arg>random.sample(range(8), 1)</arg>
<doc>Evaluates the given expression in Python and returns the result.</doc>
<status status="PASS" start="2024-10-31T12:17:20.659541" elapsed="0.000000"/>
</kw>
<kw name="Click" owner="Browser">
<msg time="2024-10-31T12:17:20.659541" level="INFO">Clicks the element '//div[@class='input-image-radio'] &gt;&gt; nth=4'.</msg>
<arg>${iqAnswer[${random_numbers[0]}]}</arg>
<tag>PageContent</tag>
<tag>Setter</tag>
<doc>Simulates mouse click on the element found by ``selector``.</doc>
<status status="PASS" start="2024-10-31T12:17:20.659541" elapsed="1.239541"/>
</kw>
<kw name="Sleep" owner="BuiltIn">
<msg time="2024-10-31T12:17:22.650646" level="INFO">Slept 750 milliseconds.</msg>
<arg>0.75 sec</arg>
<doc>Pauses the test executed for the given time.</doc>
<status status="PASS" start="2024-10-31T12:17:21.900106" elapsed="0.750540"/>
</kw>
<var name="${index}">15</var>
<status status="PASS" start="2024-10-31T12:17:20.659541" elapsed="1.991105"/>
</iter>
<iter>
<kw name="Evaluate" owner="BuiltIn">
<msg time="2024-10-31T12:17:22.650646" level="INFO">${random_numbers} = [1]</msg>
<var>${random_numbers}</var>
<arg>random.sample(range(8), 1)</arg>
<doc>Evaluates the given expression in Python and returns the result.</doc>
<status status="PASS" start="2024-10-31T12:17:22.650646" elapsed="0.000000"/>
</kw>
<kw name="Click" owner="Browser">
<msg time="2024-10-31T12:17:22.650646" level="INFO">Clicks the element '//div[@class='input-image-radio'] &gt;&gt; nth=1'.</msg>
<arg>${iqAnswer[${random_numbers[0]}]}</arg>
<tag>PageContent</tag>
<tag>Setter</tag>
<doc>Simulates mouse click on the element found by ``selector``.</doc>
<status status="PASS" start="2024-10-31T12:17:22.650646" elapsed="1.282299"/>
</kw>
<kw name="Sleep" owner="BuiltIn">
<msg time="2024-10-31T12:17:24.683536" level="INFO">Slept 750 milliseconds.</msg>
<arg>0.75 sec</arg>
<doc>Pauses the test executed for the given time.</doc>
<status status="PASS" start="2024-10-31T12:17:23.932945" elapsed="0.750591"/>
</kw>
<var name="${index}">16</var>
<status status="PASS" start="2024-10-31T12:17:22.650646" elapsed="2.032890"/>
</iter>
<iter>
<kw name="Evaluate" owner="BuiltIn">
<msg time="2024-10-31T12:17:24.683536" level="INFO">${random_numbers} = [0]</msg>
<var>${random_numbers}</var>
<arg>random.sample(range(8), 1)</arg>
<doc>Evaluates the given expression in Python and returns the result.</doc>
<status status="PASS" start="2024-10-31T12:17:24.683536" elapsed="0.000000"/>
</kw>
<kw name="Click" owner="Browser">
<msg time="2024-10-31T12:17:24.683536" level="INFO">Clicks the element '//div[@class='input-image-radio'] &gt;&gt; nth=0'.</msg>
<arg>${iqAnswer[${random_numbers[0]}]}</arg>
<tag>PageContent</tag>
<tag>Setter</tag>
<doc>Simulates mouse click on the element found by ``selector``.</doc>
<status status="PASS" start="2024-10-31T12:17:24.683536" elapsed="1.270707"/>
</kw>
<kw name="Sleep" owner="BuiltIn">
<msg time="2024-10-31T12:17:26.705699" level="INFO">Slept 750 milliseconds.</msg>
<arg>0.75 sec</arg>
<doc>Pauses the test executed for the given time.</doc>
<status status="PASS" start="2024-10-31T12:17:25.954243" elapsed="0.751456"/>
</kw>
<var name="${index}">17</var>
<status status="PASS" start="2024-10-31T12:17:24.683536" elapsed="2.022163"/>
</iter>
<iter>
<kw name="Evaluate" owner="BuiltIn">
<msg time="2024-10-31T12:17:26.706418" level="INFO">${random_numbers} = [2]</msg>
<var>${random_numbers}</var>
<arg>random.sample(range(8), 1)</arg>
<doc>Evaluates the given expression in Python and returns the result.</doc>
<status status="PASS" start="2024-10-31T12:17:26.706242" elapsed="0.000176"/>
</kw>
<kw name="Click" owner="Browser">
<msg time="2024-10-31T12:17:26.707188" level="INFO">Clicks the element '//div[@class='input-image-radio'] &gt;&gt; nth=2'.</msg>
<arg>${iqAnswer[${random_numbers[0]}]}</arg>
<tag>PageContent</tag>
<tag>Setter</tag>
<doc>Simulates mouse click on the element found by ``selector``.</doc>
<status status="PASS" start="2024-10-31T12:17:26.706418" elapsed="1.230250"/>
</kw>
<kw name="Sleep" owner="BuiltIn">
<msg time="2024-10-31T12:17:28.687223" level="INFO">Slept 750 milliseconds.</msg>
<arg>0.75 sec</arg>
<doc>Pauses the test executed for the given time.</doc>
<status status="PASS" start="2024-10-31T12:17:27.936668" elapsed="0.750555"/>
</kw>
<var name="${index}">18</var>
<status status="PASS" start="2024-10-31T12:17:26.705699" elapsed="1.981524"/>
</iter>
<iter>
<kw name="Evaluate" owner="BuiltIn">
<msg time="2024-10-31T12:17:28.687223" level="INFO">${random_numbers} = [7]</msg>
<var>${random_numbers}</var>
<arg>random.sample(range(8), 1)</arg>
<doc>Evaluates the given expression in Python and returns the result.</doc>
<status status="PASS" start="2024-10-31T12:17:28.687223" elapsed="0.000000"/>
</kw>
<kw name="Click" owner="Browser">
<msg time="2024-10-31T12:17:28.689233" level="INFO">Clicks the element '//div[@class='input-image-radio'] &gt;&gt; nth=7'.</msg>
<arg>${iqAnswer[${random_numbers[0]}]}</arg>
<tag>PageContent</tag>
<tag>Setter</tag>
<doc>Simulates mouse click on the element found by ``selector``.</doc>
<status status="PASS" start="2024-10-31T12:17:28.687223" elapsed="1.267395"/>
</kw>
<kw name="Sleep" owner="BuiltIn">
<msg time="2024-10-31T12:17:30.704821" level="INFO">Slept 750 milliseconds.</msg>
<arg>0.75 sec</arg>
<doc>Pauses the test executed for the given time.</doc>
<status status="PASS" start="2024-10-31T12:17:29.954618" elapsed="0.750203"/>
</kw>
<var name="${index}">19</var>
<status status="PASS" start="2024-10-31T12:17:28.687223" elapsed="2.017598"/>
</iter>
<iter>
<kw name="Evaluate" owner="BuiltIn">
<msg time="2024-10-31T12:17:30.704821" level="INFO">${random_numbers} = [1]</msg>
<var>${random_numbers}</var>
<arg>random.sample(range(8), 1)</arg>
<doc>Evaluates the given expression in Python and returns the result.</doc>
<status status="PASS" start="2024-10-31T12:17:30.704821" elapsed="0.000000"/>
</kw>
<kw name="Click" owner="Browser">
<msg time="2024-10-31T12:17:30.706822" level="INFO">Clicks the element '//div[@class='input-image-radio'] &gt;&gt; nth=1'.</msg>
<arg>${iqAnswer[${random_numbers[0]}]}</arg>
<tag>PageContent</tag>
<tag>Setter</tag>
<doc>Simulates mouse click on the element found by ``selector``.</doc>
<status status="PASS" start="2024-10-31T12:17:30.705861" elapsed="1.246928"/>
</kw>
<kw name="Sleep" owner="BuiltIn">
<msg time="2024-10-31T12:17:32.704153" level="INFO">Slept 750 milliseconds.</msg>
<arg>0.75 sec</arg>
<doc>Pauses the test executed for the given time.</doc>
<status status="PASS" start="2024-10-31T12:17:31.953785" elapsed="0.750368"/>
</kw>
<var name="${index}">20</var>
<status status="PASS" start="2024-10-31T12:17:30.704821" elapsed="1.999332"/>
</iter>
<iter>
<kw name="Evaluate" owner="BuiltIn">
<msg time="2024-10-31T12:17:32.705154" level="INFO">${random_numbers} = [1]</msg>
<var>${random_numbers}</var>
<arg>random.sample(range(8), 1)</arg>
<doc>Evaluates the given expression in Python and returns the result.</doc>
<status status="PASS" start="2024-10-31T12:17:32.704153" elapsed="0.001001"/>
</kw>
<kw name="Click" owner="Browser">
<msg time="2024-10-31T12:17:32.706150" level="INFO">Clicks the element '//div[@class='input-image-radio'] &gt;&gt; nth=1'.</msg>
<arg>${iqAnswer[${random_numbers[0]}]}</arg>
<tag>PageContent</tag>
<tag>Setter</tag>
<doc>Simulates mouse click on the element found by ``selector``.</doc>
<status status="PASS" start="2024-10-31T12:17:32.705154" elapsed="1.253217"/>
</kw>
<kw name="Sleep" owner="BuiltIn">
<msg time="2024-10-31T12:17:34.708725" level="INFO">Slept 750 milliseconds.</msg>
<arg>0.75 sec</arg>
<doc>Pauses the test executed for the given time.</doc>
<status status="PASS" start="2024-10-31T12:17:33.958371" elapsed="0.750354"/>
</kw>
<var name="${index}">21</var>
<status status="PASS" start="2024-10-31T12:17:32.704153" elapsed="2.004572"/>
</iter>
<iter>
<kw name="Evaluate" owner="BuiltIn">
<msg time="2024-10-31T12:17:34.708725" level="INFO">${random_numbers} = [3]</msg>
<var>${random_numbers}</var>
<arg>random.sample(range(8), 1)</arg>
<doc>Evaluates the given expression in Python and returns the result.</doc>
<status status="PASS" start="2024-10-31T12:17:34.708725" elapsed="0.000000"/>
</kw>
<kw name="Click" owner="Browser">
<msg time="2024-10-31T12:17:34.708725" level="INFO">Clicks the element '//div[@class='input-image-radio'] &gt;&gt; nth=3'.</msg>
<arg>${iqAnswer[${random_numbers[0]}]}</arg>
<tag>PageContent</tag>
<tag>Setter</tag>
<doc>Simulates mouse click on the element found by ``selector``.</doc>
<status status="PASS" start="2024-10-31T12:17:34.708725" elapsed="1.252581"/>
</kw>
<kw name="Sleep" owner="BuiltIn">
<msg time="2024-10-31T12:17:36.711594" level="INFO">Slept 750 milliseconds.</msg>
<arg>0.75 sec</arg>
<doc>Pauses the test executed for the given time.</doc>
<status status="PASS" start="2024-10-31T12:17:35.961306" elapsed="0.750288"/>
</kw>
<var name="${index}">22</var>
<status status="PASS" start="2024-10-31T12:17:34.708725" elapsed="2.002869"/>
</iter>
<iter>
<kw name="Evaluate" owner="BuiltIn">
<msg time="2024-10-31T12:17:36.711594" level="INFO">${random_numbers} = [2]</msg>
<var>${random_numbers}</var>
<arg>random.sample(range(8), 1)</arg>
<doc>Evaluates the given expression in Python and returns the result.</doc>
<status status="PASS" start="2024-10-31T12:17:36.711594" elapsed="0.000000"/>
</kw>
<kw name="Click" owner="Browser">
<msg time="2024-10-31T12:17:36.711594" level="INFO">Clicks the element '//div[@class='input-image-radio'] &gt;&gt; nth=2'.</msg>
<arg>${iqAnswer[${random_numbers[0]}]}</arg>
<tag>PageContent</tag>
<tag>Setter</tag>
<doc>Simulates mouse click on the element found by ``selector``.</doc>
<status status="PASS" start="2024-10-31T12:17:36.711594" elapsed="1.242469"/>
</kw>
<kw name="Sleep" owner="BuiltIn">
<msg time="2024-10-31T12:17:38.705822" level="INFO">Slept 750 milliseconds.</msg>
<arg>0.75 sec</arg>
<doc>Pauses the test executed for the given time.</doc>
<status status="PASS" start="2024-10-31T12:17:37.955094" elapsed="0.750728"/>
</kw>
<var name="${index}">23</var>
<status status="PASS" start="2024-10-31T12:17:36.711594" elapsed="1.994228"/>
</iter>
<iter>
<kw name="Evaluate" owner="BuiltIn">
<msg time="2024-10-31T12:17:38.705822" level="INFO">${random_numbers} = [1]</msg>
<var>${random_numbers}</var>
<arg>random.sample(range(8), 1)</arg>
<doc>Evaluates the given expression in Python and returns the result.</doc>
<status status="PASS" start="2024-10-31T12:17:38.705822" elapsed="0.000000"/>
</kw>
<kw name="Click" owner="Browser">
<msg time="2024-10-31T12:17:38.705822" level="INFO">Clicks the element '//div[@class='input-image-radio'] &gt;&gt; nth=1'.</msg>
<arg>${iqAnswer[${random_numbers[0]}]}</arg>
<tag>PageContent</tag>
<tag>Setter</tag>
<doc>Simulates mouse click on the element found by ``selector``.</doc>
<status status="PASS" start="2024-10-31T12:17:38.705822" elapsed="1.241251"/>
</kw>
<kw name="Sleep" owner="BuiltIn">
<msg time="2024-10-31T12:17:40.698526" level="INFO">Slept 750 milliseconds.</msg>
<arg>0.75 sec</arg>
<doc>Pauses the test executed for the given time.</doc>
<status status="PASS" start="2024-10-31T12:17:39.947073" elapsed="0.751453"/>
</kw>
<var name="${index}">24</var>
<status status="PASS" start="2024-10-31T12:17:38.705822" elapsed="1.992704"/>
</iter>
<var>${index}</var>
<value>25</value>
<status status="PASS" start="2024-10-31T12:16:49.821154" elapsed="50.877372"/>
</for>
<kw name="Click" owner="Browser">
<msg time="2024-10-31T12:17:40.698526" level="INFO">Clicks the element 'xpath=//button[.//span[text()='Hoàn thành']]'.</msg>
<arg>xpath=//button[.//span[text()='Hoàn thành']]</arg>
<tag>PageContent</tag>
<tag>Setter</tag>
<doc>Simulates mouse click on the element found by ``selector``.</doc>
<status status="PASS" start="2024-10-31T12:17:40.698526" elapsed="1.286862"/>
</kw>
<kw name="Sleep" owner="BuiltIn">
<msg time="2024-10-31T12:17:42.985830" level="INFO">Slept 1 second.</msg>
<arg>1 sec</arg>
<doc>Pauses the test executed for the given time.</doc>
<status status="PASS" start="2024-10-31T12:17:41.985388" elapsed="1.000442"/>
</kw>
<kw name="Scroll To" owner="Browser">
<msg time="2024-10-31T12:17:42.993847" level="INFO">JavaScript executed successfully.</msg>
<msg time="2024-10-31T12:17:42.993847" level="INFO">JavaScript executed successfully.</msg>
<msg time="2024-10-31T12:17:42.993847" level="INFO">JavaScript executed successfully.</msg>
<msg time="2024-10-31T12:17:42.993847" level="INFO">JavaScript executed successfully.</msg>
<msg time="2024-10-31T12:17:43.006854" level="INFO">JavaScript executed successfully.</msg>
<arg>${None}</arg>
<arg>80%</arg>
<arg>left</arg>
<arg>smooth</arg>
<tag>PageContent</tag>
<tag>Setter</tag>
<doc>Scrolls an element or the page to an absolute position based on given coordinates.</doc>
<status status="PASS" start="2024-10-31T12:17:42.985830" elapsed="0.021024"/>
</kw>
<kw name="Sleep" owner="BuiltIn">
<msg time="2024-10-31T12:17:43.507645" level="INFO">Slept 500 milliseconds.</msg>
<arg>0.5 sec</arg>
<doc>Pauses the test executed for the given time.</doc>
<status status="PASS" start="2024-10-31T12:17:43.006854" elapsed="0.500791"/>
</kw>
<kw name="Click" owner="Browser">
<msg time="2024-10-31T12:17:43.507645" level="INFO">Clicks the element 'xpath=//button[contains (@class, 'opacity-100') and .//span[text()='Gửi đáp án']]'.</msg>
<arg>xpath=//button[contains (@class, 'opacity-100') and .//span[text()='Gửi đáp án']]</arg>
<tag>PageContent</tag>
<tag>Setter</tag>
<doc>Simulates mouse click on the element found by ``selector``.</doc>
<status status="PASS" start="2024-10-31T12:17:43.507645" elapsed="1.445674"/>
</kw>
<kw name="Sleep" owner="BuiltIn">
<msg time="2024-10-31T12:17:46.453685" level="INFO">Slept 1 second 500 milliseconds.</msg>
<arg>1.5 sec</arg>
<doc>Pauses the test executed for the given time.</doc>
<status status="PASS" start="2024-10-31T12:17:44.953319" elapsed="1.500366"/>
</kw>
<kw name="Sleep" owner="BuiltIn">
<msg time="2024-10-31T12:17:47.453935" level="INFO">Slept 1 second.</msg>
<arg>1 sec</arg>
<doc>Pauses the test executed for the given time.</doc>
<status status="PASS" start="2024-10-31T12:17:46.453685" elapsed="1.000250"/>
</kw>
<status status="PASS" start="2024-10-31T12:16:29.749906" elapsed="77.704029"/>
</test>
<status status="PASS" start="2024-10-31T12:16:28.424578" elapsed="79.158128"/>
</suite>
<status status="PASS" start="2024-10-31T12:16:28.400914" elapsed="79.188289"/>
</suite>
<statistics>
<total>
<stat pass="1" fail="0" skip="0">All Tests</stat>
</total>
<tag>
</tag>
<suite>
<stat pass="1" fail="0" skip="0" id="s1" name="Disc">Disc</stat>
<stat pass="1" fail="0" skip="0" id="s1-s1" name="Getiq">Disc.Getiq</stat>
</suite>
</statistics>
<errors>
</errors>
</robot>
