<?xml version="1.0" encoding="UTF-8"?>
<robot generator="Robot 7.1 (Python 3.12.6 on win32)" generated="2024-10-31T12:16:28.369668" rpa="false" schemaversion="5">
<suite id="s1" name="Disc" source="D:\RobotCode\disc">
<suite id="s1-s1" name="Getdisc" source="D:\RobotCode\disc\getdisc.robot">
<test id="s1-s1-t1" name="Test Selector" line="20">
<kw name="New Browser" owner="Browser">
<msg time="2024-10-31T12:16:29.731372" level="INFO">{"browser": "chromium", "headless": false, "chromiumSandbox": false, "devtools": false, "handleSIGHUP": true, "handleSIGINT": true, "handleSIGTERM": true, "slowMo": 0.0, "timeout": 30000.0, "tracesDir": "D:\\RobotCode\\pabot_results\\1\\browser\\traces\\de491f43-b883-4dc2-9520-10a3f7e7cebe"}</msg>
<msg time="2024-10-31T12:16:30.138763" level="INFO">Successfully created browser with options: {"browser":"chromium","headless":false,"chromiumSandbox":false,"devtools":false,"handleSIGHUP":true,"handleSIGINT":true,"handleSIGTERM":true,"slowMo":0,"timeout":30000,"tracesDir":"D:\\RobotCode\\pabot_results\\1\\browser\\traces\\de491f43-b883-4dc2-9520-10a3f7e7cebe"}</msg>
<arg>chromium</arg>
<arg>headless=No</arg>
<tag>BrowserControl</tag>
<tag>Setter</tag>
<doc>Create a new playwright Browser with specified options.</doc>
<status status="PASS" start="2024-10-31T12:16:29.725364" elapsed="0.413399"/>
</kw>
<kw name="Set Browser Timeout" owner="Browser">
<msg time="2024-10-31T12:16:30.156899" level="INFO">No context open.</msg>
<arg>999 sec</arg>
<tag>Config</tag>
<tag>Setter</tag>
<doc>Sets the timeout used by most input and getter keywords.</doc>
<status status="PASS" start="2024-10-31T12:16:30.138763" elapsed="0.018136"/>
</kw>
<kw name="New Context" owner="Browser">
<msg time="2024-10-31T12:16:30.156899" level="INFO">{
  "acceptDownloads": true,
  "bypassCSP": false,
  "forcedColors": "none",
  "ignoreHTTPSErrors": false,
  "javaScriptEnabled": true,
  "offline": false,
  "reducedMotion": "no-preference",
  "serviceWorkers": "allow",
  "viewport": {
    "height": 720,
    "width": 1280
  }
}</msg>
<msg time="2024-10-31T12:16:30.192432" level="INFO">Successfully created context. </msg>
<msg time="2024-10-31T12:16:30.202438" level="INFO">{'acceptDownloads': True, 'bypassCSP': False, 'forcedColors': 'none', 'ignoreHTTPSErrors': False, 'javaScriptEnabled': True, 'offline': False, 'reducedMotion': 'no-preference', 'serviceWorkers': 'allow', 'viewport': {'height': 720, 'width': 1280}}</msg>
<tag>BrowserControl</tag>
<tag>Setter</tag>
<doc>Create a new BrowserContext with specified options.</doc>
<status status="PASS" start="2024-10-31T12:16:30.156899" elapsed="0.045539"/>
</kw>
<kw name="New Page" owner="Browser">
<msg time="2024-10-31T12:16:34.689439" level="INFO">Successfully initialized new page object and opened url: https://staging.tracnghiemtinhcach.vn</msg>
<arg>https://staging.tracnghiemtinhcach.vn</arg>
<tag>BrowserControl</tag>
<tag>Setter</tag>
<doc>Open a new Page.</doc>
<status status="PASS" start="2024-10-31T12:16:30.202438" elapsed="4.487001"/>
</kw>
<kw name="Wait For Elements State" owner="Browser">
<msg time="2024-10-31T12:16:34.724164" level="INFO">Waited for Element with selector xpath=//button[@class="button-default-v2"] at state visible</msg>
<arg>xpath=//button[@class="button-default-v2"]</arg>
<arg>visible</arg>
<tag>PageContent</tag>
<tag>Wait</tag>
<doc>Waits for the element found by ``selector`` to satisfy state option.</doc>
<status status="PASS" start="2024-10-31T12:16:34.689439" elapsed="0.034725"/>
</kw>
<kw name="Click" owner="Browser">
<msg time="2024-10-31T12:16:34.725163" level="INFO">Clicks the element 'xpath=//button[@class="button-default-v2"]'.</msg>
<arg>xpath=//button[@class="button-default-v2"]</arg>
<tag>PageContent</tag>
<tag>Setter</tag>
<doc>Simulates mouse click on the element found by ``selector``.</doc>
<status status="PASS" start="2024-10-31T12:16:34.724164" elapsed="0.347725"/>
</kw>
<kw name="Type Text" owner="Browser">
<msg time="2024-10-31T12:16:35.071889" level="INFO">Types the text 'mailinh1193@mailinator.com' in the given field.</msg>
<arg>[id="email"]</arg>
<arg>mailinh1193@mailinator.com</arg>
<tag>PageContent</tag>
<tag>Setter</tag>
<doc>Types the given ``txt`` into the text field found by ``selector``.</doc>
<status status="PASS" start="2024-10-31T12:16:35.071889" elapsed="1.066499"/>
</kw>
<kw name="Type Text" owner="Browser">
<msg time="2024-10-31T12:16:36.138388" level="INFO">Types the text 'Aa@12345' in the given field.</msg>
<arg>[id="password"]</arg>
<arg>Aa@12345</arg>
<tag>PageContent</tag>
<tag>Setter</tag>
<doc>Types the given ``txt`` into the text field found by ``selector``.</doc>
<status status="PASS" start="2024-10-31T12:16:36.138388" elapsed="0.078001"/>
</kw>
<kw name="Click" owner="Browser">
<msg time="2024-10-31T12:16:36.222992" level="INFO">Clicks the element 'xpath=//button[text()="Đăng nhập"]'.</msg>
<arg>xpath=//button[text()="Đăng nhập"]</arg>
<tag>PageContent</tag>
<tag>Setter</tag>
<doc>Simulates mouse click on the element found by ``selector``.</doc>
<status status="PASS" start="2024-10-31T12:16:36.216389" elapsed="1.822115"/>
</kw>
<kw name="Click" owner="Browser">
<msg time="2024-10-31T12:16:38.039500" level="INFO">Clicks the element 'xpath=//button[@aria-label="Accept cookies"]'.</msg>
<arg>xpath=//button[@aria-label="Accept cookies"]</arg>
<tag>PageContent</tag>
<tag>Setter</tag>
<doc>Simulates mouse click on the element found by ``selector``.</doc>
<status status="PASS" start="2024-10-31T12:16:38.038504" elapsed="5.990279"/>
</kw>
<kw name="Click" owner="Browser">
<msg time="2024-10-31T12:16:44.029842" level="INFO">Clicks the element 'xpath=(//span[text()="Bài test" and contains(@class, 'cursor-pointer')])'.</msg>
<arg>xpath=(//span[text()="Bài test" and contains(@class, 'cursor-pointer')])</arg>
<tag>PageContent</tag>
<tag>Setter</tag>
<doc>Simulates mouse click on the element found by ``selector``.</doc>
<status status="PASS" start="2024-10-31T12:16:44.028783" elapsed="1.034375"/>
</kw>
<kw name="Click" owner="Browser">
<msg time="2024-10-31T12:16:45.064147" level="INFO">Clicks the element 'xpath=//a[text()="Tính cách DISC" and contains(@href, '/disc-test') and contains(@class, 'hover:bg-[var(--color-floral-white)')]'.</msg>
<arg>xpath=//a[text()="Tính cách DISC" and contains(@href, '/disc-test') and contains(@class, 'hover:bg-[var(--color-floral-white)')]</arg>
<tag>PageContent</tag>
<tag>Setter</tag>
<doc>Simulates mouse click on the element found by ``selector``.</doc>
<status status="PASS" start="2024-10-31T12:16:45.063158" elapsed="2.015058"/>
</kw>
<kw name="Click" owner="Browser">
<msg time="2024-10-31T12:16:47.078216" level="INFO">Clicks the element 'xpath=//button[.//h4[text()='Làm ngay']]'.</msg>
<arg>xpath=//button[.//h4[text()='Làm ngay']]</arg>
<tag>PageContent</tag>
<tag>Setter</tag>
<doc>Simulates mouse click on the element found by ``selector``.</doc>
<status status="PASS" start="2024-10-31T12:16:47.078216" elapsed="2.094334"/>
</kw>
<kw name="Click" owner="Browser">
<msg time="2024-10-31T12:16:49.173545" level="INFO">Clicks the element 'xpath=//button[text()='Tôi đã hiểu']'.</msg>
<arg>xpath=//button[text()='Tôi đã hiểu']</arg>
<tag>PageContent</tag>
<tag>Setter</tag>
<doc>Simulates mouse click on the element found by ``selector``.</doc>
<status status="PASS" start="2024-10-31T12:16:49.172550" elapsed="1.939786"/>
</kw>
<kw name="Get Elements" owner="Browser">
<msg time="2024-10-31T12:16:51.124058" level="INFO">Found locator('//div[contains(@style,\'border-color: var(--color-sherpa-blue-1)\')]').first(),locator('//div[contains(@style,\'border-color: var(--color-sherpa-blue-1)\')]').nth(1),locator('//div[contains(@style,\'border-color: var(--color-sherpa-blue-1)\')]').nth(2),locator('//div[contains(@style,\'border-color: var(--color-sherpa-blue-1)\')]').nth(3) Locators successfully.</msg>
<msg time="2024-10-31T12:16:51.125072" level="INFO">${blueChoosen} = ["//div[contains(@style,'border-color: var(--color-sherpa-blue-1)')] &gt;&gt; nth=0", "//div[contains(@style,'border-color: var(--color-sherpa-blue-1)')] &gt;&gt; nth=1", "//div[contains(@style,'border-color: var...</msg>
<var>${blueChoosen}</var>
<arg>//div[contains(@style,'border-color: var(--color-sherpa-blue-1)')]</arg>
<tag>Getter</tag>
<tag>PageContent</tag>
<doc>Returns a reference to Playwright [https://playwright.dev/docs/api/class-locator|Locator]
for all matched elements by ``selector``.</doc>
<status status="PASS" start="2024-10-31T12:16:51.112336" elapsed="0.012736"/>
</kw>
<kw name="Get Elements" owner="Browser">
<msg time="2024-10-31T12:16:51.135047" level="INFO">Found locator('//div[contains(@style,\'border-color: var(--color-sunglo)\')]').first(),locator('//div[contains(@style,\'border-color: var(--color-sunglo)\')]').nth(1),locator('//div[contains(@style,\'border-color: var(--color-sunglo)\')]').nth(2),locator('//div[contains(@style,\'border-color: var(--color-sunglo)\')]').nth(3) Locators successfully.</msg>
<msg time="2024-10-31T12:16:51.135220" level="INFO">${redChoosen} = ["//div[contains(@style,'border-color: var(--color-sunglo)')] &gt;&gt; nth=0", "//div[contains(@style,'border-color: var(--color-sunglo)')] &gt;&gt; nth=1", "//div[contains(@style,'border-color: var(--color-sungl...</msg>
<var>${redChoosen}</var>
<arg>//div[contains(@style,'border-color: var(--color-sunglo)')]</arg>
<tag>Getter</tag>
<tag>PageContent</tag>
<doc>Returns a reference to Playwright [https://playwright.dev/docs/api/class-locator|Locator]
for all matched elements by ``selector``.</doc>
<status status="PASS" start="2024-10-31T12:16:51.125072" elapsed="0.010148"/>
</kw>
<for flavor="IN RANGE">
<iter>
<kw name="Evaluate" owner="BuiltIn">
<msg time="2024-10-31T12:16:51.135220" level="INFO">${random_numbers} = [3, 2]</msg>
<var>${random_numbers}</var>
<arg>random.sample(range(4), 2)</arg>
<arg>random</arg>
<doc>Evaluates the given expression in Python and returns the result.</doc>
<status status="PASS" start="2024-10-31T12:16:51.135220" elapsed="0.000000"/>
</kw>
<kw name="Click" owner="Browser">
<msg time="2024-10-31T12:16:51.135220" level="INFO">Clicks the element '//div[contains(@style,'border-color: var(--color-sherpa-blue-1)')] &gt;&gt; nth=3'.</msg>
<arg>${blueChoosen[${random_numbers[0]}]}</arg>
<tag>PageContent</tag>
<tag>Setter</tag>
<doc>Simulates mouse click on the element found by ``selector``.</doc>
<status status="PASS" start="2024-10-31T12:16:51.135220" elapsed="1.964879"/>
</kw>
<kw name="Click" owner="Browser">
<msg time="2024-10-31T12:16:53.101129" level="INFO">Clicks the element '//div[contains(@style,'border-color: var(--color-sunglo)')] &gt;&gt; nth=2'.</msg>
<arg>${redChoosen[${random_numbers[1]}]}</arg>
<tag>PageContent</tag>
<tag>Setter</tag>
<doc>Simulates mouse click on the element found by ``selector``.</doc>
<status status="PASS" start="2024-10-31T12:16:53.100099" elapsed="1.987618"/>
</kw>
<kw name="Sleep" owner="BuiltIn">
<msg time="2024-10-31T12:16:55.598723" level="INFO">Slept 500 milliseconds.</msg>
<arg>0.5 sec</arg>
<doc>Pauses the test executed for the given time.</doc>
<status status="PASS" start="2024-10-31T12:16:55.098464" elapsed="0.500259"/>
</kw>
<var name="${index}">0</var>
<status status="PASS" start="2024-10-31T12:16:51.135220" elapsed="4.463503"/>
</iter>
<iter>
<kw name="Evaluate" owner="BuiltIn">
<msg time="2024-10-31T12:16:55.598723" level="INFO">${random_numbers} = [0, 3]</msg>
<var>${random_numbers}</var>
<arg>random.sample(range(4), 2)</arg>
<arg>random</arg>
<doc>Evaluates the given expression in Python and returns the result.</doc>
<status status="PASS" start="2024-10-31T12:16:55.598723" elapsed="0.001000"/>
</kw>
<kw name="Click" owner="Browser">
<msg time="2024-10-31T12:16:55.600117" level="INFO">Clicks the element '//div[contains(@style,'border-color: var(--color-sherpa-blue-1)')] &gt;&gt; nth=0'.</msg>
<arg>${blueChoosen[${random_numbers[0]}]}</arg>
<tag>PageContent</tag>
<tag>Setter</tag>
<doc>Simulates mouse click on the element found by ``selector``.</doc>
<status status="PASS" start="2024-10-31T12:16:55.599791" elapsed="1.514600"/>
</kw>
<kw name="Click" owner="Browser">
<msg time="2024-10-31T12:16:57.115423" level="INFO">Clicks the element '//div[contains(@style,'border-color: var(--color-sunglo)')] &gt;&gt; nth=3'.</msg>
<arg>${redChoosen[${random_numbers[1]}]}</arg>
<tag>PageContent</tag>
<tag>Setter</tag>
<doc>Simulates mouse click on the element found by ``selector``.</doc>
<status status="PASS" start="2024-10-31T12:16:57.114391" elapsed="2.001925"/>
</kw>
<kw name="Sleep" owner="BuiltIn">
<msg time="2024-10-31T12:16:59.616848" level="INFO">Slept 500 milliseconds.</msg>
<arg>0.5 sec</arg>
<doc>Pauses the test executed for the given time.</doc>
<status status="PASS" start="2024-10-31T12:16:59.116316" elapsed="0.500532"/>
</kw>
<var name="${index}">1</var>
<status status="PASS" start="2024-10-31T12:16:55.598723" elapsed="4.018125"/>
</iter>
<iter>
<kw name="Evaluate" owner="BuiltIn">
<msg time="2024-10-31T12:16:59.616848" level="INFO">${random_numbers} = [1, 2]</msg>
<var>${random_numbers}</var>
<arg>random.sample(range(4), 2)</arg>
<arg>random</arg>
<doc>Evaluates the given expression in Python and returns the result.</doc>
<status status="PASS" start="2024-10-31T12:16:59.616848" elapsed="0.000000"/>
</kw>
<kw name="Click" owner="Browser">
<msg time="2024-10-31T12:16:59.616848" level="INFO">Clicks the element '//div[contains(@style,'border-color: var(--color-sherpa-blue-1)')] &gt;&gt; nth=1'.</msg>
<arg>${blueChoosen[${random_numbers[0]}]}</arg>
<tag>PageContent</tag>
<tag>Setter</tag>
<doc>Simulates mouse click on the element found by ``selector``.</doc>
<status status="PASS" start="2024-10-31T12:16:59.616848" elapsed="1.514892"/>
</kw>
<kw name="Click" owner="Browser">
<msg time="2024-10-31T12:17:01.132736" level="INFO">Clicks the element '//div[contains(@style,'border-color: var(--color-sunglo)')] &gt;&gt; nth=2'.</msg>
<arg>${redChoosen[${random_numbers[1]}]}</arg>
<tag>PageContent</tag>
<tag>Setter</tag>
<doc>Simulates mouse click on the element found by ``selector``.</doc>
<status status="PASS" start="2024-10-31T12:17:01.131740" elapsed="2.002893"/>
</kw>
<kw name="Sleep" owner="BuiltIn">
<msg time="2024-10-31T12:17:03.636136" level="INFO">Slept 500 milliseconds.</msg>
<arg>0.5 sec</arg>
<doc>Pauses the test executed for the given time.</doc>
<status status="PASS" start="2024-10-31T12:17:03.134633" elapsed="0.501503"/>
</kw>
<var name="${index}">2</var>
<status status="PASS" start="2024-10-31T12:16:59.616848" elapsed="4.019288"/>
</iter>
<iter>
<kw name="Evaluate" owner="BuiltIn">
<msg time="2024-10-31T12:17:03.636136" level="INFO">${random_numbers} = [2, 3]</msg>
<var>${random_numbers}</var>
<arg>random.sample(range(4), 2)</arg>
<arg>random</arg>
<doc>Evaluates the given expression in Python and returns the result.</doc>
<status status="PASS" start="2024-10-31T12:17:03.636136" elapsed="0.000000"/>
</kw>
<kw name="Click" owner="Browser">
<msg time="2024-10-31T12:17:03.636136" level="INFO">Clicks the element '//div[contains(@style,'border-color: var(--color-sherpa-blue-1)')] &gt;&gt; nth=2'.</msg>
<arg>${blueChoosen[${random_numbers[0]}]}</arg>
<tag>PageContent</tag>
<tag>Setter</tag>
<doc>Simulates mouse click on the element found by ``selector``.</doc>
<status status="PASS" start="2024-10-31T12:17:03.636136" elapsed="1.498392"/>
</kw>
<kw name="Click" owner="Browser">
<msg time="2024-10-31T12:17:05.135553" level="INFO">Clicks the element '//div[contains(@style,'border-color: var(--color-sunglo)')] &gt;&gt; nth=3'.</msg>
<arg>${redChoosen[${random_numbers[1]}]}</arg>
<tag>PageContent</tag>
<tag>Setter</tag>
<doc>Simulates mouse click on the element found by ``selector``.</doc>
<status status="PASS" start="2024-10-31T12:17:05.134528" elapsed="2.014990"/>
</kw>
<kw name="Sleep" owner="BuiltIn">
<msg time="2024-10-31T12:17:07.650864" level="INFO">Slept 500 milliseconds.</msg>
<arg>0.5 sec</arg>
<doc>Pauses the test executed for the given time.</doc>
<status status="PASS" start="2024-10-31T12:17:07.149518" elapsed="0.501346"/>
</kw>
<var name="${index}">3</var>
<status status="PASS" start="2024-10-31T12:17:03.636136" elapsed="4.014728"/>
</iter>
<iter>
<kw name="Evaluate" owner="BuiltIn">
<msg time="2024-10-31T12:17:07.650864" level="INFO">${random_numbers} = [3, 2]</msg>
<var>${random_numbers}</var>
<arg>random.sample(range(4), 2)</arg>
<arg>random</arg>
<doc>Evaluates the given expression in Python and returns the result.</doc>
<status status="PASS" start="2024-10-31T12:17:07.650864" elapsed="0.001003"/>
</kw>
<kw name="Click" owner="Browser">
<msg time="2024-10-31T12:17:07.652698" level="INFO">Clicks the element '//div[contains(@style,'border-color: var(--color-sherpa-blue-1)')] &gt;&gt; nth=3'.</msg>
<arg>${blueChoosen[${random_numbers[0]}]}</arg>
<tag>PageContent</tag>
<tag>Setter</tag>
<doc>Simulates mouse click on the element found by ``selector``.</doc>
<status status="PASS" start="2024-10-31T12:17:07.651982" elapsed="1.500259"/>
</kw>
<kw name="Click" owner="Browser">
<msg time="2024-10-31T12:17:09.153292" level="INFO">Clicks the element '//div[contains(@style,'border-color: var(--color-sunglo)')] &gt;&gt; nth=2'.</msg>
<arg>${redChoosen[${random_numbers[1]}]}</arg>
<tag>PageContent</tag>
<tag>Setter</tag>
<doc>Simulates mouse click on the element found by ``selector``.</doc>
<status status="PASS" start="2024-10-31T12:17:09.152241" elapsed="1.999857"/>
</kw>
<kw name="Sleep" owner="BuiltIn">
<msg time="2024-10-31T12:17:11.652653" level="INFO">Slept 500 milliseconds.</msg>
<arg>0.5 sec</arg>
<doc>Pauses the test executed for the given time.</doc>
<status status="PASS" start="2024-10-31T12:17:11.152098" elapsed="0.500555"/>
</kw>
<var name="${index}">4</var>
<status status="PASS" start="2024-10-31T12:17:07.650864" elapsed="4.001789"/>
</iter>
<iter>
<kw name="Evaluate" owner="BuiltIn">
<msg time="2024-10-31T12:17:11.653493" level="INFO">${random_numbers} = [3, 0]</msg>
<var>${random_numbers}</var>
<arg>random.sample(range(4), 2)</arg>
<arg>random</arg>
<doc>Evaluates the given expression in Python and returns the result.</doc>
<status status="PASS" start="2024-10-31T12:17:11.653493" elapsed="0.000000"/>
</kw>
<kw name="Click" owner="Browser">
<msg time="2024-10-31T12:17:11.654493" level="INFO">Clicks the element '//div[contains(@style,'border-color: var(--color-sherpa-blue-1)')] &gt;&gt; nth=3'.</msg>
<arg>${blueChoosen[${random_numbers[0]}]}</arg>
<tag>PageContent</tag>
<tag>Setter</tag>
<doc>Simulates mouse click on the element found by ``selector``.</doc>
<status status="PASS" start="2024-10-31T12:17:11.653493" elapsed="1.499885"/>
</kw>
<kw name="Click" owner="Browser">
<msg time="2024-10-31T12:17:13.154379" level="INFO">Clicks the element '//div[contains(@style,'border-color: var(--color-sunglo)')] &gt;&gt; nth=0'.</msg>
<arg>${redChoosen[${random_numbers[1]}]}</arg>
<tag>PageContent</tag>
<tag>Setter</tag>
<doc>Simulates mouse click on the element found by ``selector``.</doc>
<status status="PASS" start="2024-10-31T12:17:13.153378" elapsed="2.014823"/>
</kw>
<kw name="Sleep" owner="BuiltIn">
<msg time="2024-10-31T12:17:15.669868" level="INFO">Slept 500 milliseconds.</msg>
<arg>0.5 sec</arg>
<doc>Pauses the test executed for the given time.</doc>
<status status="PASS" start="2024-10-31T12:17:15.169686" elapsed="0.500182"/>
</kw>
<var name="${index}">5</var>
<status status="PASS" start="2024-10-31T12:17:11.653232" elapsed="4.016636"/>
</iter>
<iter>
<kw name="Evaluate" owner="BuiltIn">
<msg time="2024-10-31T12:17:15.671374" level="INFO">${random_numbers} = [3, 0]</msg>
<var>${random_numbers}</var>
<arg>random.sample(range(4), 2)</arg>
<arg>random</arg>
<doc>Evaluates the given expression in Python and returns the result.</doc>
<status status="PASS" start="2024-10-31T12:17:15.670825" elapsed="0.000549"/>
</kw>
<kw name="Click" owner="Browser">
<msg time="2024-10-31T12:17:15.671374" level="INFO">Clicks the element '//div[contains(@style,'border-color: var(--color-sherpa-blue-1)')] &gt;&gt; nth=3'.</msg>
<arg>${blueChoosen[${random_numbers[0]}]}</arg>
<tag>PageContent</tag>
<tag>Setter</tag>
<doc>Simulates mouse click on the element found by ``selector``.</doc>
<status status="PASS" start="2024-10-31T12:17:15.671374" elapsed="1.498469"/>
</kw>
<kw name="Click" owner="Browser">
<msg time="2024-10-31T12:17:17.171835" level="INFO">Clicks the element '//div[contains(@style,'border-color: var(--color-sunglo)')] &gt;&gt; nth=0'.</msg>
<arg>${redChoosen[${random_numbers[1]}]}</arg>
<tag>PageContent</tag>
<tag>Setter</tag>
<doc>Simulates mouse click on the element found by ``selector``.</doc>
<status status="PASS" start="2024-10-31T12:17:17.169843" elapsed="2.001652"/>
</kw>
<kw name="Sleep" owner="BuiltIn">
<msg time="2024-10-31T12:17:19.671790" level="INFO">Slept 500 milliseconds.</msg>
<arg>0.5 sec</arg>
<doc>Pauses the test executed for the given time.</doc>
<status status="PASS" start="2024-10-31T12:17:19.171495" elapsed="0.500295"/>
</kw>
<var name="${index}">6</var>
<status status="PASS" start="2024-10-31T12:17:15.669868" elapsed="4.001922"/>
</iter>
<iter>
<kw name="Evaluate" owner="BuiltIn">
<msg time="2024-10-31T12:17:19.671790" level="INFO">${random_numbers} = [0, 1]</msg>
<var>${random_numbers}</var>
<arg>random.sample(range(4), 2)</arg>
<arg>random</arg>
<doc>Evaluates the given expression in Python and returns the result.</doc>
<status status="PASS" start="2024-10-31T12:17:19.671790" elapsed="0.000000"/>
</kw>
<kw name="Click" owner="Browser">
<msg time="2024-10-31T12:17:19.671790" level="INFO">Clicks the element '//div[contains(@style,'border-color: var(--color-sherpa-blue-1)')] &gt;&gt; nth=0'.</msg>
<arg>${blueChoosen[${random_numbers[0]}]}</arg>
<tag>PageContent</tag>
<tag>Setter</tag>
<doc>Simulates mouse click on the element found by ``selector``.</doc>
<status status="PASS" start="2024-10-31T12:17:19.671790" elapsed="1.517118"/>
</kw>
<kw name="Click" owner="Browser">
<msg time="2024-10-31T12:17:21.189941" level="INFO">Clicks the element '//div[contains(@style,'border-color: var(--color-sunglo)')] &gt;&gt; nth=1'.</msg>
<arg>${redChoosen[${random_numbers[1]}]}</arg>
<tag>PageContent</tag>
<tag>Setter</tag>
<doc>Simulates mouse click on the element found by ``selector``.</doc>
<status status="PASS" start="2024-10-31T12:17:21.188908" elapsed="1.999729"/>
</kw>
<kw name="Sleep" owner="BuiltIn">
<msg time="2024-10-31T12:17:23.688872" level="INFO">Slept 500 milliseconds.</msg>
<arg>0.5 sec</arg>
<doc>Pauses the test executed for the given time.</doc>
<status status="PASS" start="2024-10-31T12:17:23.188637" elapsed="0.500235"/>
</kw>
<var name="${index}">7</var>
<status status="PASS" start="2024-10-31T12:17:19.671790" elapsed="4.017082"/>
</iter>
<iter>
<kw name="Evaluate" owner="BuiltIn">
<msg time="2024-10-31T12:17:23.689626" level="INFO">${random_numbers} = [1, 2]</msg>
<var>${random_numbers}</var>
<arg>random.sample(range(4), 2)</arg>
<arg>random</arg>
<doc>Evaluates the given expression in Python and returns the result.</doc>
<status status="PASS" start="2024-10-31T12:17:23.688872" elapsed="0.000754"/>
</kw>
<kw name="Click" owner="Browser">
<msg time="2024-10-31T12:17:23.690627" level="INFO">Clicks the element '//div[contains(@style,'border-color: var(--color-sherpa-blue-1)')] &gt;&gt; nth=1'.</msg>
<arg>${blueChoosen[${random_numbers[0]}]}</arg>
<tag>PageContent</tag>
<tag>Setter</tag>
<doc>Simulates mouse click on the element found by ``selector``.</doc>
<status status="PASS" start="2024-10-31T12:17:23.689626" elapsed="1.519020"/>
</kw>
<kw name="Click" owner="Browser">
<msg time="2024-10-31T12:17:25.209644" level="INFO">Clicks the element '//div[contains(@style,'border-color: var(--color-sunglo)')] &gt;&gt; nth=2'.</msg>
<arg>${redChoosen[${random_numbers[1]}]}</arg>
<tag>PageContent</tag>
<tag>Setter</tag>
<doc>Simulates mouse click on the element found by ``selector``.</doc>
<status status="PASS" start="2024-10-31T12:17:25.208646" elapsed="1.996502"/>
</kw>
<kw name="Sleep" owner="BuiltIn">
<msg time="2024-10-31T12:17:27.706682" level="INFO">Slept 500 milliseconds.</msg>
<arg>0.5 sec</arg>
<doc>Pauses the test executed for the given time.</doc>
<status status="PASS" start="2024-10-31T12:17:27.206146" elapsed="0.500536"/>
</kw>
<var name="${index}">8</var>
<status status="PASS" start="2024-10-31T12:17:23.688872" elapsed="4.017810"/>
</iter>
<iter>
<kw name="Evaluate" owner="BuiltIn">
<msg time="2024-10-31T12:17:27.707917" level="INFO">${random_numbers} = [3, 0]</msg>
<var>${random_numbers}</var>
<arg>random.sample(range(4), 2)</arg>
<arg>random</arg>
<doc>Evaluates the given expression in Python and returns the result.</doc>
<status status="PASS" start="2024-10-31T12:17:27.707381" elapsed="0.000536"/>
</kw>
<kw name="Click" owner="Browser">
<msg time="2024-10-31T12:17:27.707917" level="INFO">Clicks the element '//div[contains(@style,'border-color: var(--color-sherpa-blue-1)')] &gt;&gt; nth=3'.</msg>
<arg>${blueChoosen[${random_numbers[0]}]}</arg>
<tag>PageContent</tag>
<tag>Setter</tag>
<doc>Simulates mouse click on the element found by ``selector``.</doc>
<status status="PASS" start="2024-10-31T12:17:27.707917" elapsed="1.495564"/>
</kw>
<kw name="Click" owner="Browser">
<msg time="2024-10-31T12:17:29.208780" level="INFO">Clicks the element '//div[contains(@style,'border-color: var(--color-sunglo)')] &gt;&gt; nth=0'.</msg>
<arg>${redChoosen[${random_numbers[1]}]}</arg>
<tag>PageContent</tag>
<tag>Setter</tag>
<doc>Simulates mouse click on the element found by ``selector``.</doc>
<status status="PASS" start="2024-10-31T12:17:29.203481" elapsed="2.006554"/>
</kw>
<kw name="Sleep" owner="BuiltIn">
<msg time="2024-10-31T12:17:31.711306" level="INFO">Slept 500 milliseconds.</msg>
<arg>0.5 sec</arg>
<doc>Pauses the test executed for the given time.</doc>
<status status="PASS" start="2024-10-31T12:17:31.210035" elapsed="0.501271"/>
</kw>
<var name="${index}">9</var>
<status status="PASS" start="2024-10-31T12:17:27.706682" elapsed="4.004624"/>
</iter>
<iter>
<kw name="Evaluate" owner="BuiltIn">
<msg time="2024-10-31T12:17:31.711306" level="INFO">${random_numbers} = [3, 2]</msg>
<var>${random_numbers}</var>
<arg>random.sample(range(4), 2)</arg>
<arg>random</arg>
<doc>Evaluates the given expression in Python and returns the result.</doc>
<status status="PASS" start="2024-10-31T12:17:31.711306" elapsed="0.001003"/>
</kw>
<kw name="Click" owner="Browser">
<msg time="2024-10-31T12:17:31.713306" level="INFO">Clicks the element '//div[contains(@style,'border-color: var(--color-sherpa-blue-1)')] &gt;&gt; nth=3'.</msg>
<arg>${blueChoosen[${random_numbers[0]}]}</arg>
<tag>PageContent</tag>
<tag>Setter</tag>
<doc>Simulates mouse click on the element found by ``selector``.</doc>
<status status="PASS" start="2024-10-31T12:17:31.712309" elapsed="1.483470"/>
</kw>
<kw name="Click" owner="Browser">
<msg time="2024-10-31T12:17:33.209830" level="INFO">Clicks the element '//div[contains(@style,'border-color: var(--color-sunglo)')] &gt;&gt; nth=2'.</msg>
<arg>${redChoosen[${random_numbers[1]}]}</arg>
<tag>PageContent</tag>
<tag>Setter</tag>
<doc>Simulates mouse click on the element found by ``selector``.</doc>
<status status="PASS" start="2024-10-31T12:17:33.195779" elapsed="2.012139"/>
</kw>
<kw name="Sleep" owner="BuiltIn">
<msg time="2024-10-31T12:17:35.709301" level="INFO">Slept 500 milliseconds.</msg>
<arg>0.5 sec</arg>
<doc>Pauses the test executed for the given time.</doc>
<status status="PASS" start="2024-10-31T12:17:35.208950" elapsed="0.500351"/>
</kw>
<var name="${index}">10</var>
<status status="PASS" start="2024-10-31T12:17:31.711306" elapsed="3.997995"/>
</iter>
<iter>
<kw name="Evaluate" owner="BuiltIn">
<msg time="2024-10-31T12:17:35.709301" level="INFO">${random_numbers} = [3, 2]</msg>
<var>${random_numbers}</var>
<arg>random.sample(range(4), 2)</arg>
<arg>random</arg>
<doc>Evaluates the given expression in Python and returns the result.</doc>
<status status="PASS" start="2024-10-31T12:17:35.709301" elapsed="0.000000"/>
</kw>
<kw name="Click" owner="Browser">
<msg time="2024-10-31T12:17:35.709301" level="INFO">Clicks the element '//div[contains(@style,'border-color: var(--color-sherpa-blue-1)')] &gt;&gt; nth=3'.</msg>
<arg>${blueChoosen[${random_numbers[0]}]}</arg>
<tag>PageContent</tag>
<tag>Setter</tag>
<doc>Simulates mouse click on the element found by ``selector``.</doc>
<status status="PASS" start="2024-10-31T12:17:35.709301" elapsed="1.502348"/>
</kw>
<kw name="Click" owner="Browser">
<msg time="2024-10-31T12:17:37.212652" level="INFO">Clicks the element '//div[contains(@style,'border-color: var(--color-sunglo)')] &gt;&gt; nth=2'.</msg>
<arg>${redChoosen[${random_numbers[1]}]}</arg>
<tag>PageContent</tag>
<tag>Setter</tag>
<doc>Simulates mouse click on the element found by ``selector``.</doc>
<status status="PASS" start="2024-10-31T12:17:37.211649" elapsed="1.997502"/>
</kw>
<kw name="Sleep" owner="BuiltIn">
<msg time="2024-10-31T12:17:39.710262" level="INFO">Slept 500 milliseconds.</msg>
<arg>0.5 sec</arg>
<doc>Pauses the test executed for the given time.</doc>
<status status="PASS" start="2024-10-31T12:17:39.209151" elapsed="0.501111"/>
</kw>
<var name="${index}">11</var>
<status status="PASS" start="2024-10-31T12:17:35.709301" elapsed="4.000961"/>
</iter>
<iter>
<kw name="Evaluate" owner="BuiltIn">
<msg time="2024-10-31T12:17:39.710262" level="INFO">${random_numbers} = [2, 1]</msg>
<var>${random_numbers}</var>
<arg>random.sample(range(4), 2)</arg>
<arg>random</arg>
<doc>Evaluates the given expression in Python and returns the result.</doc>
<status status="PASS" start="2024-10-31T12:17:39.710262" elapsed="0.000000"/>
</kw>
<kw name="Click" owner="Browser">
<msg time="2024-10-31T12:17:39.710262" level="INFO">Clicks the element '//div[contains(@style,'border-color: var(--color-sherpa-blue-1)')] &gt;&gt; nth=2'.</msg>
<arg>${blueChoosen[${random_numbers[0]}]}</arg>
<tag>PageContent</tag>
<tag>Setter</tag>
<doc>Simulates mouse click on the element found by ``selector``.</doc>
<status status="PASS" start="2024-10-31T12:17:39.710262" elapsed="1.501793"/>
</kw>
<kw name="Click" owner="Browser">
<msg time="2024-10-31T12:17:41.213040" level="INFO">Clicks the element '//div[contains(@style,'border-color: var(--color-sunglo)')] &gt;&gt; nth=1'.</msg>
<arg>${redChoosen[${random_numbers[1]}]}</arg>
<tag>PageContent</tag>
<tag>Setter</tag>
<doc>Simulates mouse click on the element found by ``selector``.</doc>
<status status="PASS" start="2024-10-31T12:17:41.212055" elapsed="2.064076"/>
</kw>
<kw name="Sleep" owner="BuiltIn">
<msg time="2024-10-31T12:17:43.776455" level="INFO">Slept 500 milliseconds.</msg>
<arg>0.5 sec</arg>
<doc>Pauses the test executed for the given time.</doc>
<status status="PASS" start="2024-10-31T12:17:43.276131" elapsed="0.500324"/>
</kw>
<var name="${index}">12</var>
<status status="PASS" start="2024-10-31T12:17:39.710262" elapsed="4.066193"/>
</iter>
<iter>
<kw name="Evaluate" owner="BuiltIn">
<msg time="2024-10-31T12:17:43.776455" level="INFO">${random_numbers} = [3, 2]</msg>
<var>${random_numbers}</var>
<arg>random.sample(range(4), 2)</arg>
<arg>random</arg>
<doc>Evaluates the given expression in Python and returns the result.</doc>
<status status="PASS" start="2024-10-31T12:17:43.776455" elapsed="0.000000"/>
</kw>
<kw name="Click" owner="Browser">
<msg time="2024-10-31T12:17:43.776455" level="INFO">Clicks the element '//div[contains(@style,'border-color: var(--color-sherpa-blue-1)')] &gt;&gt; nth=3'.</msg>
<arg>${blueChoosen[${random_numbers[0]}]}</arg>
<tag>PageContent</tag>
<tag>Setter</tag>
<doc>Simulates mouse click on the element found by ``selector``.</doc>
<status status="PASS" start="2024-10-31T12:17:43.776455" elapsed="1.453376"/>
</kw>
<kw name="Click" owner="Browser">
<msg time="2024-10-31T12:17:45.230834" level="INFO">Clicks the element '//div[contains(@style,'border-color: var(--color-sunglo)')] &gt;&gt; nth=2'.</msg>
<arg>${redChoosen[${random_numbers[1]}]}</arg>
<tag>PageContent</tag>
<tag>Setter</tag>
<doc>Simulates mouse click on the element found by ``selector``.</doc>
<status status="PASS" start="2024-10-31T12:17:45.229831" elapsed="2.017419"/>
</kw>
<kw name="Sleep" owner="BuiltIn">
<msg time="2024-10-31T12:17:47.748180" level="INFO">Slept 500 milliseconds.</msg>
<arg>0.5 sec</arg>
<doc>Pauses the test executed for the given time.</doc>
<status status="PASS" start="2024-10-31T12:17:47.247712" elapsed="0.500468"/>
</kw>
<var name="${index}">13</var>
<status status="PASS" start="2024-10-31T12:17:43.776455" elapsed="3.971725"/>
</iter>
<iter>
<kw name="Evaluate" owner="BuiltIn">
<msg time="2024-10-31T12:17:47.748180" level="INFO">${random_numbers} = [2, 1]</msg>
<var>${random_numbers}</var>
<arg>random.sample(range(4), 2)</arg>
<arg>random</arg>
<doc>Evaluates the given expression in Python and returns the result.</doc>
<status status="PASS" start="2024-10-31T12:17:47.748180" elapsed="0.000000"/>
</kw>
<kw name="Click" owner="Browser">
<msg time="2024-10-31T12:17:47.748180" level="INFO">Clicks the element '//div[contains(@style,'border-color: var(--color-sherpa-blue-1)')] &gt;&gt; nth=2'.</msg>
<arg>${blueChoosen[${random_numbers[0]}]}</arg>
<tag>PageContent</tag>
<tag>Setter</tag>
<doc>Simulates mouse click on the element found by ``selector``.</doc>
<status status="PASS" start="2024-10-31T12:17:47.748180" elapsed="1.502411"/>
</kw>
<kw name="Click" owner="Browser">
<msg time="2024-10-31T12:17:49.251589" level="INFO">Clicks the element '//div[contains(@style,'border-color: var(--color-sunglo)')] &gt;&gt; nth=1'.</msg>
<arg>${redChoosen[${random_numbers[1]}]}</arg>
<tag>PageContent</tag>
<tag>Setter</tag>
<doc>Simulates mouse click on the element found by ``selector``.</doc>
<status status="PASS" start="2024-10-31T12:17:49.250591" elapsed="0.214716"/>
</kw>
<kw name="Sleep" owner="BuiltIn">
<msg time="2024-10-31T12:17:49.965668" level="INFO">Slept 500 milliseconds.</msg>
<arg>0.5 sec</arg>
<doc>Pauses the test executed for the given time.</doc>
<status status="PASS" start="2024-10-31T12:17:49.465307" elapsed="0.500361"/>
</kw>
<var name="${index}">14</var>
<status status="PASS" start="2024-10-31T12:17:47.748180" elapsed="2.217488"/>
</iter>
<iter>
<kw name="Evaluate" owner="BuiltIn">
<msg time="2024-10-31T12:17:49.965668" level="INFO">${random_numbers} = [1, 3]</msg>
<var>${random_numbers}</var>
<arg>random.sample(range(4), 2)</arg>
<arg>random</arg>
<doc>Evaluates the given expression in Python and returns the result.</doc>
<status status="PASS" start="2024-10-31T12:17:49.965668" elapsed="0.000000"/>
</kw>
<kw name="Click" owner="Browser">
<msg time="2024-10-31T12:17:49.965668" level="INFO">Clicks the element '//div[contains(@style,'border-color: var(--color-sherpa-blue-1)')] &gt;&gt; nth=1'.</msg>
<arg>${blueChoosen[${random_numbers[0]}]}</arg>
<tag>PageContent</tag>
<tag>Setter</tag>
<doc>Simulates mouse click on the element found by ``selector``.</doc>
<status status="PASS" start="2024-10-31T12:17:49.965668" elapsed="0.033678"/>
</kw>
<kw name="Click" owner="Browser">
<msg time="2024-10-31T12:17:50.013526" level="INFO">Clicks the element '//div[contains(@style,'border-color: var(--color-sunglo)')] &gt;&gt; nth=3'.</msg>
<arg>${redChoosen[${random_numbers[1]}]}</arg>
<tag>PageContent</tag>
<tag>Setter</tag>
<doc>Simulates mouse click on the element found by ``selector``.</doc>
<status status="PASS" start="2024-10-31T12:17:49.999346" elapsed="0.049864"/>
</kw>
<kw name="Sleep" owner="BuiltIn">
<msg time="2024-10-31T12:17:50.549428" level="INFO">Slept 500 milliseconds.</msg>
<arg>0.5 sec</arg>
<doc>Pauses the test executed for the given time.</doc>
<status status="PASS" start="2024-10-31T12:17:50.049210" elapsed="0.500218"/>
</kw>
<var name="${index}">15</var>
<status status="PASS" start="2024-10-31T12:17:49.965668" elapsed="0.583760"/>
</iter>
<iter>
<kw name="Evaluate" owner="BuiltIn">
<msg time="2024-10-31T12:17:50.549428" level="INFO">${random_numbers} = [0, 2]</msg>
<var>${random_numbers}</var>
<arg>random.sample(range(4), 2)</arg>
<arg>random</arg>
<doc>Evaluates the given expression in Python and returns the result.</doc>
<status status="PASS" start="2024-10-31T12:17:50.549428" elapsed="0.000000"/>
</kw>
<kw name="Click" owner="Browser">
<msg time="2024-10-31T12:17:50.549428" level="INFO">Clicks the element '//div[contains(@style,'border-color: var(--color-sherpa-blue-1)')] &gt;&gt; nth=0'.</msg>
<arg>${blueChoosen[${random_numbers[0]}]}</arg>
<tag>PageContent</tag>
<tag>Setter</tag>
<doc>Simulates mouse click on the element found by ``selector``.</doc>
<status status="PASS" start="2024-10-31T12:17:50.549428" elapsed="0.043863"/>
</kw>
<kw name="Click" owner="Browser">
<msg time="2024-10-31T12:17:50.598006" level="INFO">Clicks the element '//div[contains(@style,'border-color: var(--color-sunglo)')] &gt;&gt; nth=2'.</msg>
<arg>${redChoosen[${random_numbers[1]}]}</arg>
<tag>PageContent</tag>
<tag>Setter</tag>
<doc>Simulates mouse click on the element found by ``selector``.</doc>
<status status="PASS" start="2024-10-31T12:17:50.593291" elapsed="0.059859"/>
</kw>
<kw name="Sleep" owner="BuiltIn">
<msg time="2024-10-31T12:17:51.153631" level="INFO">Slept 500 milliseconds.</msg>
<arg>0.5 sec</arg>
<doc>Pauses the test executed for the given time.</doc>
<status status="PASS" start="2024-10-31T12:17:50.653150" elapsed="0.500481"/>
</kw>
<var name="${index}">16</var>
<status status="PASS" start="2024-10-31T12:17:50.549428" elapsed="0.604203"/>
</iter>
<iter>
<kw name="Evaluate" owner="BuiltIn">
<msg time="2024-10-31T12:17:51.153631" level="INFO">${random_numbers} = [0, 1]</msg>
<var>${random_numbers}</var>
<arg>random.sample(range(4), 2)</arg>
<arg>random</arg>
<doc>Evaluates the given expression in Python and returns the result.</doc>
<status status="PASS" start="2024-10-31T12:17:51.153631" elapsed="0.000000"/>
</kw>
<kw name="Click" owner="Browser">
<msg time="2024-10-31T12:17:51.153631" level="INFO">Clicks the element '//div[contains(@style,'border-color: var(--color-sherpa-blue-1)')] &gt;&gt; nth=0'.</msg>
<arg>${blueChoosen[${random_numbers[0]}]}</arg>
<tag>PageContent</tag>
<tag>Setter</tag>
<doc>Simulates mouse click on the element found by ``selector``.</doc>
<status status="PASS" start="2024-10-31T12:17:51.153631" elapsed="1.610535"/>
</kw>
<kw name="Click" owner="Browser">
<msg time="2024-10-31T12:17:52.765185" level="INFO">Clicks the element '//div[contains(@style,'border-color: var(--color-sunglo)')] &gt;&gt; nth=1'.</msg>
<arg>${redChoosen[${random_numbers[1]}]}</arg>
<tag>PageContent</tag>
<tag>Setter</tag>
<doc>Simulates mouse click on the element found by ``selector``.</doc>
<status status="PASS" start="2024-10-31T12:17:52.764166" elapsed="1.999140"/>
</kw>
<kw name="Sleep" owner="BuiltIn">
<msg time="2024-10-31T12:17:55.264106" level="INFO">Slept 500 milliseconds.</msg>
<arg>0.5 sec</arg>
<doc>Pauses the test executed for the given time.</doc>
<status status="PASS" start="2024-10-31T12:17:54.763306" elapsed="0.500800"/>
</kw>
<var name="${index}">17</var>
<status status="PASS" start="2024-10-31T12:17:51.153631" elapsed="4.110475"/>
</iter>
<iter>
<kw name="Evaluate" owner="BuiltIn">
<msg time="2024-10-31T12:17:55.264106" level="INFO">${random_numbers} = [2, 3]</msg>
<var>${random_numbers}</var>
<arg>random.sample(range(4), 2)</arg>
<arg>random</arg>
<doc>Evaluates the given expression in Python and returns the result.</doc>
<status status="PASS" start="2024-10-31T12:17:55.264106" elapsed="0.000000"/>
</kw>
<kw name="Click" owner="Browser">
<msg time="2024-10-31T12:17:55.266109" level="INFO">Clicks the element '//div[contains(@style,'border-color: var(--color-sherpa-blue-1)')] &gt;&gt; nth=2'.</msg>
<arg>${blueChoosen[${random_numbers[0]}]}</arg>
<tag>PageContent</tag>
<tag>Setter</tag>
<doc>Simulates mouse click on the element found by ``selector``.</doc>
<status status="PASS" start="2024-10-31T12:17:55.264106" elapsed="1.497483"/>
</kw>
<kw name="Click" owner="Browser">
<msg time="2024-10-31T12:17:56.766400" level="INFO">Clicks the element '//div[contains(@style,'border-color: var(--color-sunglo)')] &gt;&gt; nth=3'.</msg>
<arg>${redChoosen[${random_numbers[1]}]}</arg>
<tag>PageContent</tag>
<tag>Setter</tag>
<doc>Simulates mouse click on the element found by ``selector``.</doc>
<status status="PASS" start="2024-10-31T12:17:56.765366" elapsed="1.998977"/>
</kw>
<kw name="Sleep" owner="BuiltIn">
<msg time="2024-10-31T12:17:59.265852" level="INFO">Slept 500 milliseconds.</msg>
<arg>0.5 sec</arg>
<doc>Pauses the test executed for the given time.</doc>
<status status="PASS" start="2024-10-31T12:17:58.765375" elapsed="0.500477"/>
</kw>
<var name="${index}">18</var>
<status status="PASS" start="2024-10-31T12:17:55.264106" elapsed="4.001746"/>
</iter>
<iter>
<kw name="Evaluate" owner="BuiltIn">
<msg time="2024-10-31T12:17:59.265852" level="INFO">${random_numbers} = [1, 2]</msg>
<var>${random_numbers}</var>
<arg>random.sample(range(4), 2)</arg>
<arg>random</arg>
<doc>Evaluates the given expression in Python and returns the result.</doc>
<status status="PASS" start="2024-10-31T12:17:59.265852" elapsed="0.000000"/>
</kw>
<kw name="Click" owner="Browser">
<msg time="2024-10-31T12:17:59.267374" level="INFO">Clicks the element '//div[contains(@style,'border-color: var(--color-sherpa-blue-1)')] &gt;&gt; nth=1'.</msg>
<arg>${blueChoosen[${random_numbers[0]}]}</arg>
<tag>PageContent</tag>
<tag>Setter</tag>
<doc>Simulates mouse click on the element found by ``selector``.</doc>
<status status="PASS" start="2024-10-31T12:17:59.265852" elapsed="1.236250"/>
</kw>
<kw name="Click" owner="Browser">
<msg time="2024-10-31T12:18:00.517387" level="INFO">Clicks the element '//div[contains(@style,'border-color: var(--color-sunglo)')] &gt;&gt; nth=2'.</msg>
<arg>${redChoosen[${random_numbers[1]}]}</arg>
<tag>PageContent</tag>
<tag>Setter</tag>
<doc>Simulates mouse click on the element found by ``selector``.</doc>
<status status="PASS" start="2024-10-31T12:18:00.502102" elapsed="0.061787"/>
</kw>
<kw name="Sleep" owner="BuiltIn">
<msg time="2024-10-31T12:18:01.065752" level="INFO">Slept 500 milliseconds.</msg>
<arg>0.5 sec</arg>
<doc>Pauses the test executed for the given time.</doc>
<status status="PASS" start="2024-10-31T12:18:00.563889" elapsed="0.501863"/>
</kw>
<var name="${index}">19</var>
<status status="PASS" start="2024-10-31T12:17:59.265852" elapsed="1.799900"/>
</iter>
<iter>
<kw name="Evaluate" owner="BuiltIn">
<msg time="2024-10-31T12:18:01.066593" level="INFO">${random_numbers} = [3, 2]</msg>
<var>${random_numbers}</var>
<arg>random.sample(range(4), 2)</arg>
<arg>random</arg>
<doc>Evaluates the given expression in Python and returns the result.</doc>
<status status="PASS" start="2024-10-31T12:18:01.065752" elapsed="0.000841"/>
</kw>
<kw name="Click" owner="Browser">
<msg time="2024-10-31T12:18:01.068101" level="INFO">Clicks the element '//div[contains(@style,'border-color: var(--color-sherpa-blue-1)')] &gt;&gt; nth=3'.</msg>
<arg>${blueChoosen[${random_numbers[0]}]}</arg>
<tag>PageContent</tag>
<tag>Setter</tag>
<doc>Simulates mouse click on the element found by ``selector``.</doc>
<status status="PASS" start="2024-10-31T12:18:01.066593" elapsed="0.035637"/>
</kw>
<kw name="Click" owner="Browser">
<msg time="2024-10-31T12:18:01.102230" level="INFO">Clicks the element '//div[contains(@style,'border-color: var(--color-sunglo)')] &gt;&gt; nth=2'.</msg>
<arg>${redChoosen[${random_numbers[1]}]}</arg>
<tag>PageContent</tag>
<tag>Setter</tag>
<doc>Simulates mouse click on the element found by ``selector``.</doc>
<status status="PASS" start="2024-10-31T12:18:01.102230" elapsed="0.049997"/>
</kw>
<kw name="Sleep" owner="BuiltIn">
<msg time="2024-10-31T12:18:01.652493" level="INFO">Slept 500 milliseconds.</msg>
<arg>0.5 sec</arg>
<doc>Pauses the test executed for the given time.</doc>
<status status="PASS" start="2024-10-31T12:18:01.152227" elapsed="0.500266"/>
</kw>
<var name="${index}">20</var>
<status status="PASS" start="2024-10-31T12:18:01.065752" elapsed="0.586741"/>
</iter>
<iter>
<kw name="Evaluate" owner="BuiltIn">
<msg time="2024-10-31T12:18:01.652493" level="INFO">${random_numbers} = [2, 1]</msg>
<var>${random_numbers}</var>
<arg>random.sample(range(4), 2)</arg>
<arg>random</arg>
<doc>Evaluates the given expression in Python and returns the result.</doc>
<status status="PASS" start="2024-10-31T12:18:01.652493" elapsed="0.000000"/>
</kw>
<kw name="Click" owner="Browser">
<msg time="2024-10-31T12:18:01.652493" level="INFO">Clicks the element '//div[contains(@style,'border-color: var(--color-sherpa-blue-1)')] &gt;&gt; nth=2'.</msg>
<arg>${blueChoosen[${random_numbers[0]}]}</arg>
<tag>PageContent</tag>
<tag>Setter</tag>
<doc>Simulates mouse click on the element found by ``selector``.</doc>
<status status="PASS" start="2024-10-31T12:18:01.652493" elapsed="1.863029"/>
</kw>
<kw name="Click" owner="Browser">
<msg time="2024-10-31T12:18:03.517553" level="INFO">Clicks the element '//div[contains(@style,'border-color: var(--color-sunglo)')] &gt;&gt; nth=1'.</msg>
<arg>${redChoosen[${random_numbers[1]}]}</arg>
<tag>PageContent</tag>
<tag>Setter</tag>
<doc>Simulates mouse click on the element found by ``selector``.</doc>
<status status="PASS" start="2024-10-31T12:18:03.516522" elapsed="1.849509"/>
</kw>
<kw name="Sleep" owner="BuiltIn">
<msg time="2024-10-31T12:18:05.866641" level="INFO">Slept 500 milliseconds.</msg>
<arg>0.5 sec</arg>
<doc>Pauses the test executed for the given time.</doc>
<status status="PASS" start="2024-10-31T12:18:05.366031" elapsed="0.500610"/>
</kw>
<var name="${index}">21</var>
<status status="PASS" start="2024-10-31T12:18:01.652493" elapsed="4.214148"/>
</iter>
<iter>
<kw name="Evaluate" owner="BuiltIn">
<msg time="2024-10-31T12:18:05.866641" level="INFO">${random_numbers} = [0, 3]</msg>
<var>${random_numbers}</var>
<arg>random.sample(range(4), 2)</arg>
<arg>random</arg>
<doc>Evaluates the given expression in Python and returns the result.</doc>
<status status="PASS" start="2024-10-31T12:18:05.866641" elapsed="0.000000"/>
</kw>
<kw name="Click" owner="Browser">
<msg time="2024-10-31T12:18:05.867907" level="INFO">Clicks the element '//div[contains(@style,'border-color: var(--color-sherpa-blue-1)')] &gt;&gt; nth=0'.</msg>
<arg>${blueChoosen[${random_numbers[0]}]}</arg>
<tag>PageContent</tag>
<tag>Setter</tag>
<doc>Simulates mouse click on the element found by ``selector``.</doc>
<status status="PASS" start="2024-10-31T12:18:05.866641" elapsed="0.041528"/>
</kw>
<kw name="Click" owner="Browser">
<msg time="2024-10-31T12:18:05.908169" level="INFO">Clicks the element '//div[contains(@style,'border-color: var(--color-sunglo)')] &gt;&gt; nth=3'.</msg>
<arg>${redChoosen[${random_numbers[1]}]}</arg>
<tag>PageContent</tag>
<tag>Setter</tag>
<doc>Simulates mouse click on the element found by ``selector``.</doc>
<status status="PASS" start="2024-10-31T12:18:05.908169" elapsed="0.044961"/>
</kw>
<kw name="Sleep" owner="BuiltIn">
<msg time="2024-10-31T12:18:06.453442" level="INFO">Slept 500 milliseconds.</msg>
<arg>0.5 sec</arg>
<doc>Pauses the test executed for the given time.</doc>
<status status="PASS" start="2024-10-31T12:18:05.953130" elapsed="0.500312"/>
</kw>
<var name="${index}">22</var>
<status status="PASS" start="2024-10-31T12:18:05.866641" elapsed="0.586801"/>
</iter>
<iter>
<kw name="Evaluate" owner="BuiltIn">
<msg time="2024-10-31T12:18:06.453442" level="INFO">${random_numbers} = [2, 1]</msg>
<var>${random_numbers}</var>
<arg>random.sample(range(4), 2)</arg>
<arg>random</arg>
<doc>Evaluates the given expression in Python and returns the result.</doc>
<status status="PASS" start="2024-10-31T12:18:06.453442" elapsed="0.000000"/>
</kw>
<kw name="Click" owner="Browser">
<msg time="2024-10-31T12:18:06.453442" level="INFO">Clicks the element '//div[contains(@style,'border-color: var(--color-sherpa-blue-1)')] &gt;&gt; nth=2'.</msg>
<arg>${blueChoosen[${random_numbers[0]}]}</arg>
<tag>PageContent</tag>
<tag>Setter</tag>
<doc>Simulates mouse click on the element found by ``selector``.</doc>
<status status="PASS" start="2024-10-31T12:18:06.453442" elapsed="0.033465"/>
</kw>
<kw name="Click" owner="Browser">
<msg time="2024-10-31T12:18:06.486907" level="INFO">Clicks the element '//div[contains(@style,'border-color: var(--color-sunglo)')] &gt;&gt; nth=1'.</msg>
<arg>${redChoosen[${random_numbers[1]}]}</arg>
<tag>PageContent</tag>
<tag>Setter</tag>
<doc>Simulates mouse click on the element found by ``selector``.</doc>
<status status="PASS" start="2024-10-31T12:18:06.486907" elapsed="0.061733"/>
</kw>
<kw name="Sleep" owner="BuiltIn">
<msg time="2024-10-31T12:18:07.050555" level="INFO">Slept 500 milliseconds.</msg>
<arg>0.5 sec</arg>
<doc>Pauses the test executed for the given time.</doc>
<status status="PASS" start="2024-10-31T12:18:06.549676" elapsed="0.500879"/>
</kw>
<var name="${index}">23</var>
<status status="PASS" start="2024-10-31T12:18:06.453442" elapsed="0.597113"/>
</iter>
<var>${index}</var>
<value>24</value>
<status status="PASS" start="2024-10-31T12:16:51.135220" elapsed="75.915335"/>
</for>
<kw name="Click" owner="Browser">
<msg time="2024-10-31T12:18:07.050555" level="INFO">Clicks the element 'xpath=//button[.//span[text()='Hoàn thành']]'.</msg>
<arg>xpath=//button[.//span[text()='Hoàn thành']]</arg>
<tag>PageContent</tag>
<tag>Setter</tag>
<doc>Simulates mouse click on the element found by ``selector``.</doc>
<status status="PASS" start="2024-10-31T12:18:07.050555" elapsed="0.071355"/>
</kw>
<kw name="Sleep" owner="BuiltIn">
<msg time="2024-10-31T12:18:08.122718" level="INFO">Slept 1 second.</msg>
<arg>1 sec</arg>
<doc>Pauses the test executed for the given time.</doc>
<status status="PASS" start="2024-10-31T12:18:07.121910" elapsed="1.000808"/>
</kw>
<kw name="Scroll To" owner="Browser">
<msg time="2024-10-31T12:18:08.123762" level="INFO">JavaScript executed successfully.</msg>
<msg time="2024-10-31T12:18:08.123762" level="INFO">JavaScript executed successfully.</msg>
<msg time="2024-10-31T12:18:08.139387" level="INFO">JavaScript executed successfully.</msg>
<msg time="2024-10-31T12:18:08.139387" level="INFO">JavaScript executed successfully.</msg>
<msg time="2024-10-31T12:18:08.143567" level="INFO">JavaScript executed successfully.</msg>
<arg>${None}</arg>
<arg>80%</arg>
<arg>left</arg>
<arg>smooth</arg>
<tag>PageContent</tag>
<tag>Setter</tag>
<doc>Scrolls an element or the page to an absolute position based on given coordinates.</doc>
<status status="PASS" start="2024-10-31T12:18:08.122718" elapsed="0.020849"/>
</kw>
<kw name="Sleep" owner="BuiltIn">
<msg time="2024-10-31T12:18:08.644365" level="INFO">Slept 500 milliseconds.</msg>
<arg>0.5 sec</arg>
<doc>Pauses the test executed for the given time.</doc>
<status status="PASS" start="2024-10-31T12:18:08.143567" elapsed="0.500798"/>
</kw>
<kw name="Click" owner="Browser">
<msg time="2024-10-31T12:18:08.644365" level="INFO">Clicks the element 'xpath=//button[contains (@class, 'opacity-100') and .//span[text()='Gửi đáp án']]'.</msg>
<arg>xpath=//button[contains (@class, 'opacity-100') and .//span[text()='Gửi đáp án']]</arg>
<tag>PageContent</tag>
<tag>Setter</tag>
<doc>Simulates mouse click on the element found by ``selector``.</doc>
<status status="PASS" start="2024-10-31T12:18:08.644365" elapsed="0.067349"/>
</kw>
<kw name="Sleep" owner="BuiltIn">
<msg time="2024-10-31T12:18:09.711880" level="INFO">Slept 1 second.</msg>
<arg>1 sec</arg>
<doc>Pauses the test executed for the given time.</doc>
<status status="PASS" start="2024-10-31T12:18:08.711714" elapsed="1.000166"/>
</kw>
<kw name="Click" owner="Browser">
<msg time="2024-10-31T12:18:09.711880" level="INFO">Clicks the element 'xpath=//button[.//span[text()='Tiếp theo']]'.</msg>
<arg>xpath=//button[.//span[text()='Tiếp theo']]</arg>
<tag>PageContent</tag>
<tag>Setter</tag>
<doc>Simulates mouse click on the element found by ``selector``.</doc>
<status status="PASS" start="2024-10-31T12:18:09.711880" elapsed="1.387885"/>
</kw>
<kw name="Sleep" owner="BuiltIn">
<msg time="2024-10-31T12:18:12.101259" level="INFO">Slept 1 second.</msg>
<arg>1 sec</arg>
<doc>Pauses the test executed for the given time.</doc>
<status status="PASS" start="2024-10-31T12:18:11.100798" elapsed="1.000461"/>
</kw>
<status status="PASS" start="2024-10-31T12:16:29.725364" elapsed="102.375895"/>
</test>
<status status="PASS" start="2024-10-31T12:16:28.424578" elapsed="103.761757"/>
</suite>
<status status="PASS" start="2024-10-31T12:16:28.400914" elapsed="103.793927"/>
</suite>
<statistics>
<total>
<stat pass="1" fail="0" skip="0">All Tests</stat>
</total>
<tag>
</tag>
<suite>
<stat pass="1" fail="0" skip="0" id="s1" name="Disc">Disc</stat>
<stat pass="1" fail="0" skip="0" id="s1-s1" name="Getdisc">Disc.Getdisc</stat>
</suite>
</statistics>
<errors>
</errors>
</robot>
